TimeQuest Timing Analyzer report for TwosComplement
Fri Apr 23 20:33:30 2021
Quartus II 64-Bit Version 13.0.1 Build 232 06/12/2013 Service Pack 1 SJ Web Edition


---------------------
; Table of Contents ;
---------------------
  1. Legal Notice
  2. TimeQuest Timing Analyzer Summary
  3. Parallel Compilation
  4. Clocks
  5. Slow Model Fmax Summary
  6. Slow Model Setup Summary
  7. Slow Model Hold Summary
  8. Slow Model Recovery Summary
  9. Slow Model Removal Summary
 10. Slow Model Minimum Pulse Width Summary
 11. Propagation Delay
 12. Minimum Propagation Delay
 13. Fast Model Setup Summary
 14. Fast Model Hold Summary
 15. Fast Model Recovery Summary
 16. Fast Model Removal Summary
 17. Fast Model Minimum Pulse Width Summary
 18. Propagation Delay
 19. Minimum Propagation Delay
 20. Multicorner Timing Analysis Summary
 21. Progagation Delay
 22. Minimum Progagation Delay
 23. Clock Transfers
 24. Report TCCS
 25. Report RSKM
 26. Unconstrained Paths
 27. TimeQuest Timing Analyzer Messages



----------------
; Legal Notice ;
----------------
Copyright (C) 1991-2013 Altera Corporation
Your use of Altera Corporation's design tools, logic functions 
and other software and tools, and its AMPP partner logic 
functions, and any output files from any of the foregoing 
(including device programming or simulation files), and any 
associated documentation or information are expressly subject 
to the terms and conditions of the Altera Program License 
Subscription Agreement, Altera MegaCore Function License 
Agreement, or other applicable license agreement, including, 
without limitation, that your use is for the sole purpose of 
programming logic devices manufactured by Altera and sold by 
Altera or its authorized distributors.  Please refer to the 
applicable agreement for further details.



+----------------------------------------------------------------------------------------+
; TimeQuest Timing Analyzer Summary                                                      ;
+--------------------+-------------------------------------------------------------------+
; Quartus II Version ; Version 13.0.1 Build 232 06/12/2013 Service Pack 1 SJ Web Edition ;
; Revision Name      ; TwosComplement                                                    ;
; Device Family      ; Cyclone II                                                        ;
; Device Name        ; EP2C35F672C6                                                      ;
; Timing Models      ; Final                                                             ;
; Delay Model        ; Combined                                                          ;
; Rise/Fall Delays   ; Unavailable                                                       ;
+--------------------+-------------------------------------------------------------------+


Parallel compilation was disabled, but you have multiple processors available. Enable parallel compilation to reduce compilation time.
+-------------------------------------+
; Parallel Compilation                ;
+----------------------------+--------+
; Processors                 ; Number ;
+----------------------------+--------+
; Number detected on machine ; 12     ;
; Maximum allowed            ; 1      ;
+----------------------------+--------+


----------
; Clocks ;
----------
No clocks to report.


---------------------------
; Slow Model Fmax Summary ;
---------------------------
No paths to report.


----------------------------
; Slow Model Setup Summary ;
----------------------------
No paths to report.


---------------------------
; Slow Model Hold Summary ;
---------------------------
No paths to report.


-------------------------------
; Slow Model Recovery Summary ;
-------------------------------
No paths to report.


------------------------------
; Slow Model Removal Summary ;
------------------------------
No paths to report.


------------------------------------------
; Slow Model Minimum Pulse Width Summary ;
------------------------------------------
No paths to report.


+--------------------------------------------------------------+
; Propagation Delay                                            ;
+------------+-------------+--------+--------+--------+--------+
; Input Port ; Output Port ; RR     ; RF     ; FR     ; FF     ;
+------------+-------------+--------+--------+--------+--------+
; in1[0]     ; out1[0]     ; 11.309 ; 11.309 ; 11.309 ; 11.309 ;
; in1[0]     ; out1[1]     ; 9.852  ; 9.852  ; 9.852  ; 9.852  ;
; in1[0]     ; out1[2]     ; 10.002 ; 10.002 ; 10.002 ; 10.002 ;
; in1[0]     ; out1[3]     ; 10.211 ; 10.211 ; 10.211 ; 10.211 ;
; in1[0]     ; out1[4]     ; 9.781  ; 9.781  ; 9.781  ; 9.781  ;
; in1[0]     ; out1[5]     ; 12.970 ; 12.970 ; 12.970 ; 12.970 ;
; in1[0]     ; out1[6]     ; 10.230 ; 10.230 ; 10.230 ; 10.230 ;
; in1[0]     ; out1[7]     ; 10.351 ; 10.351 ; 10.351 ; 10.351 ;
; in1[0]     ; out1[8]     ; 10.154 ; 10.154 ; 10.154 ; 10.154 ;
; in1[0]     ; out1[9]     ; 10.533 ; 10.533 ; 10.533 ; 10.533 ;
; in1[0]     ; out1[10]    ; 10.654 ; 10.654 ; 10.654 ; 10.654 ;
; in1[0]     ; out1[11]    ; 10.676 ; 10.676 ; 10.676 ; 10.676 ;
; in1[0]     ; out1[12]    ; 10.758 ; 10.758 ; 10.758 ; 10.758 ;
; in1[0]     ; out1[13]    ; 10.866 ; 10.866 ; 10.866 ; 10.866 ;
; in1[0]     ; out1[14]    ; 10.864 ; 10.864 ; 10.864 ; 10.864 ;
; in1[0]     ; out1[15]    ; 11.002 ; 11.002 ; 11.002 ; 11.002 ;
; in1[1]     ; out1[1]     ; 9.548  ; 9.548  ; 9.548  ; 9.548  ;
; in1[1]     ; out1[2]     ; 10.013 ; 10.013 ; 10.013 ; 10.013 ;
; in1[1]     ; out1[3]     ; 10.222 ; 10.222 ; 10.222 ; 10.222 ;
; in1[1]     ; out1[4]     ; 9.792  ; 9.792  ; 9.792  ; 9.792  ;
; in1[1]     ; out1[5]     ; 12.981 ; 12.981 ; 12.981 ; 12.981 ;
; in1[1]     ; out1[6]     ; 10.241 ; 10.241 ; 10.241 ; 10.241 ;
; in1[1]     ; out1[7]     ; 10.362 ; 10.362 ; 10.362 ; 10.362 ;
; in1[1]     ; out1[8]     ; 10.165 ; 10.165 ; 10.165 ; 10.165 ;
; in1[1]     ; out1[9]     ; 10.544 ; 10.544 ; 10.544 ; 10.544 ;
; in1[1]     ; out1[10]    ; 10.665 ; 10.665 ; 10.665 ; 10.665 ;
; in1[1]     ; out1[11]    ; 10.687 ; 10.687 ; 10.687 ; 10.687 ;
; in1[1]     ; out1[12]    ; 10.769 ; 10.769 ; 10.769 ; 10.769 ;
; in1[1]     ; out1[13]    ; 10.877 ; 10.877 ; 10.877 ; 10.877 ;
; in1[1]     ; out1[14]    ; 10.875 ; 10.875 ; 10.875 ; 10.875 ;
; in1[1]     ; out1[15]    ; 11.013 ; 11.013 ; 11.013 ; 11.013 ;
; in1[2]     ; out1[2]     ; 10.053 ; 10.053 ; 10.053 ; 10.053 ;
; in1[2]     ; out1[3]     ; 10.578 ; 10.578 ; 10.578 ; 10.578 ;
; in1[2]     ; out1[4]     ; 10.148 ; 10.148 ; 10.148 ; 10.148 ;
; in1[2]     ; out1[5]     ; 13.337 ; 13.337 ; 13.337 ; 13.337 ;
; in1[2]     ; out1[6]     ; 10.597 ; 10.597 ; 10.597 ; 10.597 ;
; in1[2]     ; out1[7]     ; 10.718 ; 10.718 ; 10.718 ; 10.718 ;
; in1[2]     ; out1[8]     ; 10.521 ; 10.521 ; 10.521 ; 10.521 ;
; in1[2]     ; out1[9]     ; 10.900 ; 10.900 ; 10.900 ; 10.900 ;
; in1[2]     ; out1[10]    ; 11.021 ; 11.021 ; 11.021 ; 11.021 ;
; in1[2]     ; out1[11]    ; 11.043 ; 11.043 ; 11.043 ; 11.043 ;
; in1[2]     ; out1[12]    ; 11.125 ; 11.125 ; 11.125 ; 11.125 ;
; in1[2]     ; out1[13]    ; 11.233 ; 11.233 ; 11.233 ; 11.233 ;
; in1[2]     ; out1[14]    ; 11.231 ; 11.231 ; 11.231 ; 11.231 ;
; in1[2]     ; out1[15]    ; 11.369 ; 11.369 ; 11.369 ; 11.369 ;
; in1[3]     ; out1[3]     ; 11.035 ; 11.035 ; 11.035 ; 11.035 ;
; in1[3]     ; out1[4]     ; 10.920 ; 10.920 ; 10.920 ; 10.920 ;
; in1[3]     ; out1[5]     ; 14.109 ; 14.109 ; 14.109 ; 14.109 ;
; in1[3]     ; out1[6]     ; 11.369 ; 11.369 ; 11.369 ; 11.369 ;
; in1[3]     ; out1[7]     ; 11.490 ; 11.490 ; 11.490 ; 11.490 ;
; in1[3]     ; out1[8]     ; 11.293 ; 11.293 ; 11.293 ; 11.293 ;
; in1[3]     ; out1[9]     ; 11.672 ; 11.672 ; 11.672 ; 11.672 ;
; in1[3]     ; out1[10]    ; 11.793 ; 11.793 ; 11.793 ; 11.793 ;
; in1[3]     ; out1[11]    ; 11.815 ; 11.815 ; 11.815 ; 11.815 ;
; in1[3]     ; out1[12]    ; 11.897 ; 11.897 ; 11.897 ; 11.897 ;
; in1[3]     ; out1[13]    ; 12.005 ; 12.005 ; 12.005 ; 12.005 ;
; in1[3]     ; out1[14]    ; 12.003 ; 12.003 ; 12.003 ; 12.003 ;
; in1[3]     ; out1[15]    ; 12.141 ; 12.141 ; 12.141 ; 12.141 ;
; in1[4]     ; out1[4]     ; 10.727 ; 10.727 ; 10.727 ; 10.727 ;
; in1[4]     ; out1[5]     ; 14.232 ; 14.232 ; 14.232 ; 14.232 ;
; in1[4]     ; out1[6]     ; 11.492 ; 11.492 ; 11.492 ; 11.492 ;
; in1[4]     ; out1[7]     ; 11.613 ; 11.613 ; 11.613 ; 11.613 ;
; in1[4]     ; out1[8]     ; 11.416 ; 11.416 ; 11.416 ; 11.416 ;
; in1[4]     ; out1[9]     ; 11.795 ; 11.795 ; 11.795 ; 11.795 ;
; in1[4]     ; out1[10]    ; 11.916 ; 11.916 ; 11.916 ; 11.916 ;
; in1[4]     ; out1[11]    ; 11.938 ; 11.938 ; 11.938 ; 11.938 ;
; in1[4]     ; out1[12]    ; 12.020 ; 12.020 ; 12.020 ; 12.020 ;
; in1[4]     ; out1[13]    ; 12.128 ; 12.128 ; 12.128 ; 12.128 ;
; in1[4]     ; out1[14]    ; 12.126 ; 12.126 ; 12.126 ; 12.126 ;
; in1[4]     ; out1[15]    ; 12.264 ; 12.264 ; 12.264 ; 12.264 ;
; in1[5]     ; out1[5]     ; 12.666 ; 12.666 ; 12.666 ; 12.666 ;
; in1[5]     ; out1[6]     ; 10.238 ; 10.238 ; 10.238 ; 10.238 ;
; in1[5]     ; out1[7]     ; 10.359 ; 10.359 ; 10.359 ; 10.359 ;
; in1[5]     ; out1[8]     ; 10.162 ; 10.162 ; 10.162 ; 10.162 ;
; in1[5]     ; out1[9]     ; 10.541 ; 10.541 ; 10.541 ; 10.541 ;
; in1[5]     ; out1[10]    ; 10.662 ; 10.662 ; 10.662 ; 10.662 ;
; in1[5]     ; out1[11]    ; 10.684 ; 10.684 ; 10.684 ; 10.684 ;
; in1[5]     ; out1[12]    ; 10.766 ; 10.766 ; 10.766 ; 10.766 ;
; in1[5]     ; out1[13]    ; 10.874 ; 10.874 ; 10.874 ; 10.874 ;
; in1[5]     ; out1[14]    ; 10.872 ; 10.872 ; 10.872 ; 10.872 ;
; in1[5]     ; out1[15]    ; 11.010 ; 11.010 ; 11.010 ; 11.010 ;
; in1[6]     ; out1[6]     ; 9.868  ; 9.868  ; 9.868  ; 9.868  ;
; in1[6]     ; out1[7]     ; 10.305 ; 10.305 ; 10.305 ; 10.305 ;
; in1[6]     ; out1[8]     ; 10.108 ; 10.108 ; 10.108 ; 10.108 ;
; in1[6]     ; out1[9]     ; 10.487 ; 10.487 ; 10.487 ; 10.487 ;
; in1[6]     ; out1[10]    ; 10.608 ; 10.608 ; 10.608 ; 10.608 ;
; in1[6]     ; out1[11]    ; 10.630 ; 10.630 ; 10.630 ; 10.630 ;
; in1[6]     ; out1[12]    ; 10.712 ; 10.712 ; 10.712 ; 10.712 ;
; in1[6]     ; out1[13]    ; 10.820 ; 10.820 ; 10.820 ; 10.820 ;
; in1[6]     ; out1[14]    ; 10.818 ; 10.818 ; 10.818 ; 10.818 ;
; in1[6]     ; out1[15]    ; 10.956 ; 10.956 ; 10.956 ; 10.956 ;
; in1[7]     ; out1[7]     ; 9.946  ; 9.946  ; 9.946  ; 9.946  ;
; in1[7]     ; out1[8]     ; 10.066 ; 10.066 ; 10.066 ; 10.066 ;
; in1[7]     ; out1[9]     ; 10.445 ; 10.445 ; 10.445 ; 10.445 ;
; in1[7]     ; out1[10]    ; 10.566 ; 10.566 ; 10.566 ; 10.566 ;
; in1[7]     ; out1[11]    ; 10.588 ; 10.588 ; 10.588 ; 10.588 ;
; in1[7]     ; out1[12]    ; 10.670 ; 10.670 ; 10.670 ; 10.670 ;
; in1[7]     ; out1[13]    ; 10.778 ; 10.778 ; 10.778 ; 10.778 ;
; in1[7]     ; out1[14]    ; 10.776 ; 10.776 ; 10.776 ; 10.776 ;
; in1[7]     ; out1[15]    ; 10.914 ; 10.914 ; 10.914 ; 10.914 ;
; in1[8]     ; out1[8]     ; 9.546  ; 9.546  ; 9.546  ; 9.546  ;
; in1[8]     ; out1[9]     ; 10.241 ; 10.241 ; 10.241 ; 10.241 ;
; in1[8]     ; out1[10]    ; 10.362 ; 10.362 ; 10.362 ; 10.362 ;
; in1[8]     ; out1[11]    ; 10.384 ; 10.384 ; 10.384 ; 10.384 ;
; in1[8]     ; out1[12]    ; 10.466 ; 10.466 ; 10.466 ; 10.466 ;
; in1[8]     ; out1[13]    ; 10.574 ; 10.574 ; 10.574 ; 10.574 ;
; in1[8]     ; out1[14]    ; 10.572 ; 10.572 ; 10.572 ; 10.572 ;
; in1[8]     ; out1[15]    ; 10.710 ; 10.710 ; 10.710 ; 10.710 ;
; in1[9]     ; out1[9]     ; 9.849  ; 9.849  ; 9.849  ; 9.849  ;
; in1[9]     ; out1[10]    ; 10.282 ; 10.282 ; 10.282 ; 10.282 ;
; in1[9]     ; out1[11]    ; 10.304 ; 10.304 ; 10.304 ; 10.304 ;
; in1[9]     ; out1[12]    ; 10.386 ; 10.386 ; 10.386 ; 10.386 ;
; in1[9]     ; out1[13]    ; 10.494 ; 10.494 ; 10.494 ; 10.494 ;
; in1[9]     ; out1[14]    ; 10.492 ; 10.492 ; 10.492 ; 10.492 ;
; in1[9]     ; out1[15]    ; 10.630 ; 10.630 ; 10.630 ; 10.630 ;
; in1[10]    ; out1[10]    ; 9.919  ; 9.919  ; 9.919  ; 9.919  ;
; in1[10]    ; out1[11]    ; 10.257 ; 10.257 ; 10.257 ; 10.257 ;
; in1[10]    ; out1[12]    ; 10.339 ; 10.339 ; 10.339 ; 10.339 ;
; in1[10]    ; out1[13]    ; 10.447 ; 10.447 ; 10.447 ; 10.447 ;
; in1[10]    ; out1[14]    ; 10.445 ; 10.445 ; 10.445 ; 10.445 ;
; in1[10]    ; out1[15]    ; 10.583 ; 10.583 ; 10.583 ; 10.583 ;
; in1[11]    ; out1[11]    ; 9.812  ; 9.812  ; 9.812  ; 9.812  ;
; in1[11]    ; out1[12]    ; 10.206 ; 10.206 ; 10.206 ; 10.206 ;
; in1[11]    ; out1[13]    ; 10.314 ; 10.314 ; 10.314 ; 10.314 ;
; in1[11]    ; out1[14]    ; 10.312 ; 10.312 ; 10.312 ; 10.312 ;
; in1[11]    ; out1[15]    ; 10.450 ; 10.450 ; 10.450 ; 10.450 ;
; in1[12]    ; out1[12]    ; 9.869  ; 9.869  ; 9.869  ; 9.869  ;
; in1[12]    ; out1[13]    ; 10.292 ; 10.292 ; 10.292 ; 10.292 ;
; in1[12]    ; out1[14]    ; 10.290 ; 10.290 ; 10.290 ; 10.290 ;
; in1[12]    ; out1[15]    ; 10.428 ; 10.428 ; 10.428 ; 10.428 ;
; in1[13]    ; out1[13]    ; 9.621  ; 9.621  ; 9.621  ; 9.621  ;
; in1[13]    ; out1[14]    ; 9.934  ; 9.934  ; 9.934  ; 9.934  ;
; in1[13]    ; out1[15]    ; 10.072 ; 10.072 ; 10.072 ; 10.072 ;
; in1[14]    ; out1[14]    ; 9.983  ; 9.983  ; 9.983  ; 9.983  ;
; in1[14]    ; out1[15]    ; 10.436 ; 10.436 ; 10.436 ; 10.436 ;
; in1[15]    ; out1[15]    ; 10.185 ; 10.185 ; 10.185 ; 10.185 ;
; op[0]      ; out1[0]     ; 16.666 ; 16.666 ; 16.666 ; 16.666 ;
; op[0]      ; out1[1]     ; 15.205 ; 15.205 ; 15.205 ; 15.205 ;
; op[0]      ; out1[2]     ; 15.355 ; 15.355 ; 15.355 ; 15.355 ;
; op[0]      ; out1[3]     ; 15.564 ; 15.564 ; 15.564 ; 15.564 ;
; op[0]      ; out1[4]     ; 15.134 ; 15.134 ; 15.134 ; 15.134 ;
; op[0]      ; out1[5]     ; 18.323 ; 18.323 ; 18.323 ; 18.323 ;
; op[0]      ; out1[6]     ; 15.583 ; 15.583 ; 15.583 ; 15.583 ;
; op[0]      ; out1[7]     ; 15.704 ; 15.704 ; 15.704 ; 15.704 ;
; op[0]      ; out1[8]     ; 15.507 ; 15.507 ; 15.507 ; 15.507 ;
; op[0]      ; out1[9]     ; 15.886 ; 15.886 ; 15.886 ; 15.886 ;
; op[0]      ; out1[10]    ; 16.007 ; 16.007 ; 16.007 ; 16.007 ;
; op[0]      ; out1[11]    ; 16.029 ; 16.029 ; 16.029 ; 16.029 ;
; op[0]      ; out1[12]    ; 16.111 ; 16.111 ; 16.111 ; 16.111 ;
; op[0]      ; out1[13]    ; 16.219 ; 16.219 ; 16.219 ; 16.219 ;
; op[0]      ; out1[14]    ; 16.217 ; 16.217 ; 16.217 ; 16.217 ;
; op[0]      ; out1[15]    ; 16.355 ; 16.355 ; 16.355 ; 16.355 ;
; op[1]      ; out1[0]     ; 16.802 ; 16.802 ; 16.802 ; 16.802 ;
; op[1]      ; out1[1]     ; 15.341 ; 15.341 ; 15.341 ; 15.341 ;
; op[1]      ; out1[2]     ; 15.491 ; 15.491 ; 15.491 ; 15.491 ;
; op[1]      ; out1[3]     ; 15.700 ; 15.700 ; 15.700 ; 15.700 ;
; op[1]      ; out1[4]     ; 15.270 ; 15.270 ; 15.270 ; 15.270 ;
; op[1]      ; out1[5]     ; 18.459 ; 18.459 ; 18.459 ; 18.459 ;
; op[1]      ; out1[6]     ; 15.719 ; 15.719 ; 15.719 ; 15.719 ;
; op[1]      ; out1[7]     ; 15.840 ; 15.840 ; 15.840 ; 15.840 ;
; op[1]      ; out1[8]     ; 15.643 ; 15.643 ; 15.643 ; 15.643 ;
; op[1]      ; out1[9]     ; 16.022 ; 16.022 ; 16.022 ; 16.022 ;
; op[1]      ; out1[10]    ; 16.143 ; 16.143 ; 16.143 ; 16.143 ;
; op[1]      ; out1[11]    ; 16.165 ; 16.165 ; 16.165 ; 16.165 ;
; op[1]      ; out1[12]    ; 16.247 ; 16.247 ; 16.247 ; 16.247 ;
; op[1]      ; out1[13]    ; 16.355 ; 16.355 ; 16.355 ; 16.355 ;
; op[1]      ; out1[14]    ; 16.353 ; 16.353 ; 16.353 ; 16.353 ;
; op[1]      ; out1[15]    ; 16.491 ; 16.491 ; 16.491 ; 16.491 ;
; op[2]      ; out1[0]     ; 12.738 ; 12.738 ; 12.738 ; 12.738 ;
; op[2]      ; out1[1]     ; 11.277 ; 11.277 ; 11.277 ; 11.277 ;
; op[2]      ; out1[2]     ; 11.427 ; 11.427 ; 11.427 ; 11.427 ;
; op[2]      ; out1[3]     ; 11.636 ; 11.636 ; 11.636 ; 11.636 ;
; op[2]      ; out1[4]     ; 11.206 ; 11.206 ; 11.206 ; 11.206 ;
; op[2]      ; out1[5]     ; 14.395 ; 14.395 ; 14.395 ; 14.395 ;
; op[2]      ; out1[6]     ; 11.655 ; 11.655 ; 11.655 ; 11.655 ;
; op[2]      ; out1[7]     ; 11.776 ; 11.776 ; 11.776 ; 11.776 ;
; op[2]      ; out1[8]     ; 11.579 ; 11.579 ; 11.579 ; 11.579 ;
; op[2]      ; out1[9]     ; 11.958 ; 11.958 ; 11.958 ; 11.958 ;
; op[2]      ; out1[10]    ; 12.079 ; 12.079 ; 12.079 ; 12.079 ;
; op[2]      ; out1[11]    ; 12.101 ; 12.101 ; 12.101 ; 12.101 ;
; op[2]      ; out1[12]    ; 12.183 ; 12.183 ; 12.183 ; 12.183 ;
; op[2]      ; out1[13]    ; 12.291 ; 12.291 ; 12.291 ; 12.291 ;
; op[2]      ; out1[14]    ; 12.289 ; 12.289 ; 12.289 ; 12.289 ;
; op[2]      ; out1[15]    ; 12.427 ; 12.427 ; 12.427 ; 12.427 ;
+------------+-------------+--------+--------+--------+--------+


+--------------------------------------------------------------+
; Minimum Propagation Delay                                    ;
+------------+-------------+--------+--------+--------+--------+
; Input Port ; Output Port ; RR     ; RF     ; FR     ; FF     ;
+------------+-------------+--------+--------+--------+--------+
; in1[0]     ; out1[0]     ; 11.309 ; 11.309 ; 11.309 ; 11.309 ;
; in1[0]     ; out1[1]     ; 9.852  ; 9.852  ; 9.852  ; 9.852  ;
; in1[0]     ; out1[2]     ; 10.002 ; 10.002 ; 10.002 ; 10.002 ;
; in1[0]     ; out1[3]     ; 10.211 ; 10.211 ; 10.211 ; 10.211 ;
; in1[0]     ; out1[4]     ; 9.781  ; 9.781  ; 9.781  ; 9.781  ;
; in1[0]     ; out1[5]     ; 12.970 ; 12.970 ; 12.970 ; 12.970 ;
; in1[0]     ; out1[6]     ; 10.230 ; 10.230 ; 10.230 ; 10.230 ;
; in1[0]     ; out1[7]     ; 10.351 ; 10.351 ; 10.351 ; 10.351 ;
; in1[0]     ; out1[8]     ; 10.154 ; 10.154 ; 10.154 ; 10.154 ;
; in1[0]     ; out1[9]     ; 10.533 ; 10.533 ; 10.533 ; 10.533 ;
; in1[0]     ; out1[10]    ; 10.654 ; 10.654 ; 10.654 ; 10.654 ;
; in1[0]     ; out1[11]    ; 10.676 ; 10.676 ; 10.676 ; 10.676 ;
; in1[0]     ; out1[12]    ; 10.758 ; 10.758 ; 10.758 ; 10.758 ;
; in1[0]     ; out1[13]    ; 10.866 ; 10.866 ; 10.866 ; 10.866 ;
; in1[0]     ; out1[14]    ; 10.864 ; 10.864 ; 10.864 ; 10.864 ;
; in1[0]     ; out1[15]    ; 11.002 ; 11.002 ; 11.002 ; 11.002 ;
; in1[1]     ; out1[1]     ; 9.548  ; 9.548  ; 9.548  ; 9.548  ;
; in1[1]     ; out1[2]     ; 10.013 ; 10.013 ; 10.013 ; 10.013 ;
; in1[1]     ; out1[3]     ; 10.222 ; 10.222 ; 10.222 ; 10.222 ;
; in1[1]     ; out1[4]     ; 9.792  ; 9.792  ; 9.792  ; 9.792  ;
; in1[1]     ; out1[5]     ; 12.981 ; 12.981 ; 12.981 ; 12.981 ;
; in1[1]     ; out1[6]     ; 10.241 ; 10.241 ; 10.241 ; 10.241 ;
; in1[1]     ; out1[7]     ; 10.362 ; 10.362 ; 10.362 ; 10.362 ;
; in1[1]     ; out1[8]     ; 10.165 ; 10.165 ; 10.165 ; 10.165 ;
; in1[1]     ; out1[9]     ; 10.544 ; 10.544 ; 10.544 ; 10.544 ;
; in1[1]     ; out1[10]    ; 10.665 ; 10.665 ; 10.665 ; 10.665 ;
; in1[1]     ; out1[11]    ; 10.687 ; 10.687 ; 10.687 ; 10.687 ;
; in1[1]     ; out1[12]    ; 10.769 ; 10.769 ; 10.769 ; 10.769 ;
; in1[1]     ; out1[13]    ; 10.877 ; 10.877 ; 10.877 ; 10.877 ;
; in1[1]     ; out1[14]    ; 10.875 ; 10.875 ; 10.875 ; 10.875 ;
; in1[1]     ; out1[15]    ; 11.013 ; 11.013 ; 11.013 ; 11.013 ;
; in1[2]     ; out1[2]     ; 10.053 ; 10.053 ; 10.053 ; 10.053 ;
; in1[2]     ; out1[3]     ; 10.578 ; 10.578 ; 10.578 ; 10.578 ;
; in1[2]     ; out1[4]     ; 10.148 ; 10.148 ; 10.148 ; 10.148 ;
; in1[2]     ; out1[5]     ; 13.337 ; 13.337 ; 13.337 ; 13.337 ;
; in1[2]     ; out1[6]     ; 10.597 ; 10.597 ; 10.597 ; 10.597 ;
; in1[2]     ; out1[7]     ; 10.718 ; 10.718 ; 10.718 ; 10.718 ;
; in1[2]     ; out1[8]     ; 10.521 ; 10.521 ; 10.521 ; 10.521 ;
; in1[2]     ; out1[9]     ; 10.900 ; 10.900 ; 10.900 ; 10.900 ;
; in1[2]     ; out1[10]    ; 11.021 ; 11.021 ; 11.021 ; 11.021 ;
; in1[2]     ; out1[11]    ; 11.043 ; 11.043 ; 11.043 ; 11.043 ;
; in1[2]     ; out1[12]    ; 11.125 ; 11.125 ; 11.125 ; 11.125 ;
; in1[2]     ; out1[13]    ; 11.233 ; 11.233 ; 11.233 ; 11.233 ;
; in1[2]     ; out1[14]    ; 11.231 ; 11.231 ; 11.231 ; 11.231 ;
; in1[2]     ; out1[15]    ; 11.369 ; 11.369 ; 11.369 ; 11.369 ;
; in1[3]     ; out1[3]     ; 11.035 ; 11.035 ; 11.035 ; 11.035 ;
; in1[3]     ; out1[4]     ; 10.920 ; 10.920 ; 10.920 ; 10.920 ;
; in1[3]     ; out1[5]     ; 14.109 ; 14.109 ; 14.109 ; 14.109 ;
; in1[3]     ; out1[6]     ; 11.369 ; 11.369 ; 11.369 ; 11.369 ;
; in1[3]     ; out1[7]     ; 11.490 ; 11.490 ; 11.490 ; 11.490 ;
; in1[3]     ; out1[8]     ; 11.293 ; 11.293 ; 11.293 ; 11.293 ;
; in1[3]     ; out1[9]     ; 11.672 ; 11.672 ; 11.672 ; 11.672 ;
; in1[3]     ; out1[10]    ; 11.793 ; 11.793 ; 11.793 ; 11.793 ;
; in1[3]     ; out1[11]    ; 11.815 ; 11.815 ; 11.815 ; 11.815 ;
; in1[3]     ; out1[12]    ; 11.897 ; 11.897 ; 11.897 ; 11.897 ;
; in1[3]     ; out1[13]    ; 12.005 ; 12.005 ; 12.005 ; 12.005 ;
; in1[3]     ; out1[14]    ; 12.003 ; 12.003 ; 12.003 ; 12.003 ;
; in1[3]     ; out1[15]    ; 12.141 ; 12.141 ; 12.141 ; 12.141 ;
; in1[4]     ; out1[4]     ; 10.727 ; 10.727 ; 10.727 ; 10.727 ;
; in1[4]     ; out1[5]     ; 14.232 ; 14.232 ; 14.232 ; 14.232 ;
; in1[4]     ; out1[6]     ; 11.492 ; 11.492 ; 11.492 ; 11.492 ;
; in1[4]     ; out1[7]     ; 11.613 ; 11.613 ; 11.613 ; 11.613 ;
; in1[4]     ; out1[8]     ; 11.416 ; 11.416 ; 11.416 ; 11.416 ;
; in1[4]     ; out1[9]     ; 11.795 ; 11.795 ; 11.795 ; 11.795 ;
; in1[4]     ; out1[10]    ; 11.916 ; 11.916 ; 11.916 ; 11.916 ;
; in1[4]     ; out1[11]    ; 11.938 ; 11.938 ; 11.938 ; 11.938 ;
; in1[4]     ; out1[12]    ; 12.020 ; 12.020 ; 12.020 ; 12.020 ;
; in1[4]     ; out1[13]    ; 12.128 ; 12.128 ; 12.128 ; 12.128 ;
; in1[4]     ; out1[14]    ; 12.126 ; 12.126 ; 12.126 ; 12.126 ;
; in1[4]     ; out1[15]    ; 12.264 ; 12.264 ; 12.264 ; 12.264 ;
; in1[5]     ; out1[5]     ; 12.666 ; 12.666 ; 12.666 ; 12.666 ;
; in1[5]     ; out1[6]     ; 10.238 ; 10.238 ; 10.238 ; 10.238 ;
; in1[5]     ; out1[7]     ; 10.359 ; 10.359 ; 10.359 ; 10.359 ;
; in1[5]     ; out1[8]     ; 10.162 ; 10.162 ; 10.162 ; 10.162 ;
; in1[5]     ; out1[9]     ; 10.541 ; 10.541 ; 10.541 ; 10.541 ;
; in1[5]     ; out1[10]    ; 10.662 ; 10.662 ; 10.662 ; 10.662 ;
; in1[5]     ; out1[11]    ; 10.684 ; 10.684 ; 10.684 ; 10.684 ;
; in1[5]     ; out1[12]    ; 10.766 ; 10.766 ; 10.766 ; 10.766 ;
; in1[5]     ; out1[13]    ; 10.874 ; 10.874 ; 10.874 ; 10.874 ;
; in1[5]     ; out1[14]    ; 10.872 ; 10.872 ; 10.872 ; 10.872 ;
; in1[5]     ; out1[15]    ; 11.010 ; 11.010 ; 11.010 ; 11.010 ;
; in1[6]     ; out1[6]     ; 9.868  ; 9.868  ; 9.868  ; 9.868  ;
; in1[6]     ; out1[7]     ; 10.305 ; 10.305 ; 10.305 ; 10.305 ;
; in1[6]     ; out1[8]     ; 10.108 ; 10.108 ; 10.108 ; 10.108 ;
; in1[6]     ; out1[9]     ; 10.487 ; 10.487 ; 10.487 ; 10.487 ;
; in1[6]     ; out1[10]    ; 10.608 ; 10.608 ; 10.608 ; 10.608 ;
; in1[6]     ; out1[11]    ; 10.630 ; 10.630 ; 10.630 ; 10.630 ;
; in1[6]     ; out1[12]    ; 10.712 ; 10.712 ; 10.712 ; 10.712 ;
; in1[6]     ; out1[13]    ; 10.820 ; 10.820 ; 10.820 ; 10.820 ;
; in1[6]     ; out1[14]    ; 10.818 ; 10.818 ; 10.818 ; 10.818 ;
; in1[6]     ; out1[15]    ; 10.956 ; 10.956 ; 10.956 ; 10.956 ;
; in1[7]     ; out1[7]     ; 9.946  ; 9.946  ; 9.946  ; 9.946  ;
; in1[7]     ; out1[8]     ; 10.066 ; 10.066 ; 10.066 ; 10.066 ;
; in1[7]     ; out1[9]     ; 10.445 ; 10.445 ; 10.445 ; 10.445 ;
; in1[7]     ; out1[10]    ; 10.566 ; 10.566 ; 10.566 ; 10.566 ;
; in1[7]     ; out1[11]    ; 10.588 ; 10.588 ; 10.588 ; 10.588 ;
; in1[7]     ; out1[12]    ; 10.670 ; 10.670 ; 10.670 ; 10.670 ;
; in1[7]     ; out1[13]    ; 10.778 ; 10.778 ; 10.778 ; 10.778 ;
; in1[7]     ; out1[14]    ; 10.776 ; 10.776 ; 10.776 ; 10.776 ;
; in1[7]     ; out1[15]    ; 10.914 ; 10.914 ; 10.914 ; 10.914 ;
; in1[8]     ; out1[8]     ; 9.546  ; 9.546  ; 9.546  ; 9.546  ;
; in1[8]     ; out1[9]     ; 10.241 ; 10.241 ; 10.241 ; 10.241 ;
; in1[8]     ; out1[10]    ; 10.362 ; 10.362 ; 10.362 ; 10.362 ;
; in1[8]     ; out1[11]    ; 10.384 ; 10.384 ; 10.384 ; 10.384 ;
; in1[8]     ; out1[12]    ; 10.466 ; 10.466 ; 10.466 ; 10.466 ;
; in1[8]     ; out1[13]    ; 10.574 ; 10.574 ; 10.574 ; 10.574 ;
; in1[8]     ; out1[14]    ; 10.572 ; 10.572 ; 10.572 ; 10.572 ;
; in1[8]     ; out1[15]    ; 10.710 ; 10.710 ; 10.710 ; 10.710 ;
; in1[9]     ; out1[9]     ; 9.849  ; 9.849  ; 9.849  ; 9.849  ;
; in1[9]     ; out1[10]    ; 10.282 ; 10.282 ; 10.282 ; 10.282 ;
; in1[9]     ; out1[11]    ; 10.304 ; 10.304 ; 10.304 ; 10.304 ;
; in1[9]     ; out1[12]    ; 10.386 ; 10.386 ; 10.386 ; 10.386 ;
; in1[9]     ; out1[13]    ; 10.494 ; 10.494 ; 10.494 ; 10.494 ;
; in1[9]     ; out1[14]    ; 10.492 ; 10.492 ; 10.492 ; 10.492 ;
; in1[9]     ; out1[15]    ; 10.630 ; 10.630 ; 10.630 ; 10.630 ;
; in1[10]    ; out1[10]    ; 9.919  ; 9.919  ; 9.919  ; 9.919  ;
; in1[10]    ; out1[11]    ; 10.257 ; 10.257 ; 10.257 ; 10.257 ;
; in1[10]    ; out1[12]    ; 10.339 ; 10.339 ; 10.339 ; 10.339 ;
; in1[10]    ; out1[13]    ; 10.447 ; 10.447 ; 10.447 ; 10.447 ;
; in1[10]    ; out1[14]    ; 10.445 ; 10.445 ; 10.445 ; 10.445 ;
; in1[10]    ; out1[15]    ; 10.583 ; 10.583 ; 10.583 ; 10.583 ;
; in1[11]    ; out1[11]    ; 9.812  ; 9.812  ; 9.812  ; 9.812  ;
; in1[11]    ; out1[12]    ; 10.206 ; 10.206 ; 10.206 ; 10.206 ;
; in1[11]    ; out1[13]    ; 10.314 ; 10.314 ; 10.314 ; 10.314 ;
; in1[11]    ; out1[14]    ; 10.312 ; 10.312 ; 10.312 ; 10.312 ;
; in1[11]    ; out1[15]    ; 10.450 ; 10.450 ; 10.450 ; 10.450 ;
; in1[12]    ; out1[12]    ; 9.869  ; 9.869  ; 9.869  ; 9.869  ;
; in1[12]    ; out1[13]    ; 10.292 ; 10.292 ; 10.292 ; 10.292 ;
; in1[12]    ; out1[14]    ; 10.290 ; 10.290 ; 10.290 ; 10.290 ;
; in1[12]    ; out1[15]    ; 10.428 ; 10.428 ; 10.428 ; 10.428 ;
; in1[13]    ; out1[13]    ; 9.621  ; 9.621  ; 9.621  ; 9.621  ;
; in1[13]    ; out1[14]    ; 9.934  ; 9.934  ; 9.934  ; 9.934  ;
; in1[13]    ; out1[15]    ; 10.072 ; 10.072 ; 10.072 ; 10.072 ;
; in1[14]    ; out1[14]    ; 9.983  ; 9.983  ; 9.983  ; 9.983  ;
; in1[14]    ; out1[15]    ; 10.436 ; 10.436 ; 10.436 ; 10.436 ;
; in1[15]    ; out1[15]    ; 10.185 ; 10.185 ; 10.185 ; 10.185 ;
; op[0]      ; out1[0]     ; 14.932 ; 14.932 ; 14.932 ; 14.932 ;
; op[0]      ; out1[1]     ; 13.475 ; 13.475 ; 13.475 ; 13.475 ;
; op[0]      ; out1[2]     ; 13.625 ; 13.625 ; 13.625 ; 13.625 ;
; op[0]      ; out1[3]     ; 13.834 ; 13.834 ; 13.834 ; 13.834 ;
; op[0]      ; out1[4]     ; 13.404 ; 13.404 ; 13.404 ; 13.404 ;
; op[0]      ; out1[5]     ; 16.593 ; 16.593 ; 16.593 ; 16.593 ;
; op[0]      ; out1[6]     ; 13.853 ; 13.853 ; 13.853 ; 13.853 ;
; op[0]      ; out1[7]     ; 13.974 ; 13.974 ; 13.974 ; 13.974 ;
; op[0]      ; out1[8]     ; 13.777 ; 13.777 ; 13.777 ; 13.777 ;
; op[0]      ; out1[9]     ; 14.156 ; 14.156 ; 14.156 ; 14.156 ;
; op[0]      ; out1[10]    ; 14.277 ; 14.277 ; 14.277 ; 14.277 ;
; op[0]      ; out1[11]    ; 14.299 ; 14.299 ; 14.299 ; 14.299 ;
; op[0]      ; out1[12]    ; 14.381 ; 14.381 ; 14.381 ; 14.381 ;
; op[0]      ; out1[13]    ; 14.489 ; 14.489 ; 14.489 ; 14.489 ;
; op[0]      ; out1[14]    ; 14.487 ; 14.487 ; 14.487 ; 14.487 ;
; op[0]      ; out1[15]    ; 14.611 ; 14.611 ; 14.611 ; 14.611 ;
; op[1]      ; out1[0]     ; 15.068 ; 15.068 ; 15.068 ; 15.068 ;
; op[1]      ; out1[1]     ; 13.611 ; 13.611 ; 13.611 ; 13.611 ;
; op[1]      ; out1[2]     ; 13.761 ; 13.761 ; 13.761 ; 13.761 ;
; op[1]      ; out1[3]     ; 13.970 ; 13.970 ; 13.970 ; 13.970 ;
; op[1]      ; out1[4]     ; 13.540 ; 13.540 ; 13.540 ; 13.540 ;
; op[1]      ; out1[5]     ; 16.729 ; 16.729 ; 16.729 ; 16.729 ;
; op[1]      ; out1[6]     ; 13.989 ; 13.989 ; 13.989 ; 13.989 ;
; op[1]      ; out1[7]     ; 14.110 ; 14.110 ; 14.110 ; 14.110 ;
; op[1]      ; out1[8]     ; 13.913 ; 13.913 ; 13.913 ; 13.913 ;
; op[1]      ; out1[9]     ; 14.292 ; 14.292 ; 14.292 ; 14.292 ;
; op[1]      ; out1[10]    ; 14.413 ; 14.413 ; 14.413 ; 14.413 ;
; op[1]      ; out1[11]    ; 14.435 ; 14.435 ; 14.435 ; 14.435 ;
; op[1]      ; out1[12]    ; 14.517 ; 14.517 ; 14.517 ; 14.517 ;
; op[1]      ; out1[13]    ; 14.625 ; 14.625 ; 14.625 ; 14.625 ;
; op[1]      ; out1[14]    ; 14.623 ; 14.623 ; 14.623 ; 14.623 ;
; op[1]      ; out1[15]    ; 14.747 ; 14.747 ; 14.747 ; 14.747 ;
; op[2]      ; out1[0]     ; 11.004 ; 11.004 ; 11.004 ; 11.004 ;
; op[2]      ; out1[1]     ; 9.547  ; 9.547  ; 9.547  ; 9.547  ;
; op[2]      ; out1[2]     ; 9.697  ; 9.697  ; 9.697  ; 9.697  ;
; op[2]      ; out1[3]     ; 9.906  ; 9.906  ; 9.906  ; 9.906  ;
; op[2]      ; out1[4]     ; 9.476  ; 9.476  ; 9.476  ; 9.476  ;
; op[2]      ; out1[5]     ; 12.665 ; 12.665 ; 12.665 ; 12.665 ;
; op[2]      ; out1[6]     ; 9.925  ; 9.925  ; 9.925  ; 9.925  ;
; op[2]      ; out1[7]     ; 10.046 ; 10.046 ; 10.046 ; 10.046 ;
; op[2]      ; out1[8]     ; 9.849  ; 9.849  ; 9.849  ; 9.849  ;
; op[2]      ; out1[9]     ; 10.228 ; 10.228 ; 10.228 ; 10.228 ;
; op[2]      ; out1[10]    ; 10.349 ; 10.349 ; 10.349 ; 10.349 ;
; op[2]      ; out1[11]    ; 10.371 ; 10.371 ; 10.371 ; 10.371 ;
; op[2]      ; out1[12]    ; 10.453 ; 10.453 ; 10.453 ; 10.453 ;
; op[2]      ; out1[13]    ; 10.561 ; 10.561 ; 10.561 ; 10.561 ;
; op[2]      ; out1[14]    ; 10.559 ; 10.559 ; 10.559 ; 10.559 ;
; op[2]      ; out1[15]    ; 10.683 ; 10.683 ; 10.683 ; 10.683 ;
+------------+-------------+--------+--------+--------+--------+


----------------------------
; Fast Model Setup Summary ;
----------------------------
No paths to report.


---------------------------
; Fast Model Hold Summary ;
---------------------------
No paths to report.


-------------------------------
; Fast Model Recovery Summary ;
-------------------------------
No paths to report.


------------------------------
; Fast Model Removal Summary ;
------------------------------
No paths to report.


------------------------------------------
; Fast Model Minimum Pulse Width Summary ;
------------------------------------------
No paths to report.


+----------------------------------------------------------+
; Propagation Delay                                        ;
+------------+-------------+-------+-------+-------+-------+
; Input Port ; Output Port ; RR    ; RF    ; FR    ; FF    ;
+------------+-------------+-------+-------+-------+-------+
; in1[0]     ; out1[0]     ; 5.756 ; 5.756 ; 5.756 ; 5.756 ;
; in1[0]     ; out1[1]     ; 4.913 ; 4.913 ; 4.913 ; 4.913 ;
; in1[0]     ; out1[2]     ; 5.018 ; 5.018 ; 5.018 ; 5.018 ;
; in1[0]     ; out1[3]     ; 5.157 ; 5.157 ; 5.157 ; 5.157 ;
; in1[0]     ; out1[4]     ; 4.890 ; 4.890 ; 4.890 ; 4.890 ;
; in1[0]     ; out1[5]     ; 6.614 ; 6.614 ; 6.614 ; 6.614 ;
; in1[0]     ; out1[6]     ; 5.109 ; 5.109 ; 5.109 ; 5.109 ;
; in1[0]     ; out1[7]     ; 5.171 ; 5.171 ; 5.171 ; 5.171 ;
; in1[0]     ; out1[8]     ; 5.090 ; 5.090 ; 5.090 ; 5.090 ;
; in1[0]     ; out1[9]     ; 5.279 ; 5.279 ; 5.279 ; 5.279 ;
; in1[0]     ; out1[10]    ; 5.355 ; 5.355 ; 5.355 ; 5.355 ;
; in1[0]     ; out1[11]    ; 5.345 ; 5.345 ; 5.345 ; 5.345 ;
; in1[0]     ; out1[12]    ; 5.385 ; 5.385 ; 5.385 ; 5.385 ;
; in1[0]     ; out1[13]    ; 5.457 ; 5.457 ; 5.457 ; 5.457 ;
; in1[0]     ; out1[14]    ; 5.426 ; 5.426 ; 5.426 ; 5.426 ;
; in1[0]     ; out1[15]    ; 5.517 ; 5.517 ; 5.517 ; 5.517 ;
; in1[1]     ; out1[1]     ; 5.284 ; 5.284 ; 5.284 ; 5.284 ;
; in1[1]     ; out1[2]     ; 5.494 ; 5.494 ; 5.494 ; 5.494 ;
; in1[1]     ; out1[3]     ; 5.633 ; 5.633 ; 5.633 ; 5.633 ;
; in1[1]     ; out1[4]     ; 5.366 ; 5.366 ; 5.366 ; 5.366 ;
; in1[1]     ; out1[5]     ; 7.090 ; 7.090 ; 7.090 ; 7.090 ;
; in1[1]     ; out1[6]     ; 5.585 ; 5.585 ; 5.585 ; 5.585 ;
; in1[1]     ; out1[7]     ; 5.647 ; 5.647 ; 5.647 ; 5.647 ;
; in1[1]     ; out1[8]     ; 5.566 ; 5.566 ; 5.566 ; 5.566 ;
; in1[1]     ; out1[9]     ; 5.755 ; 5.755 ; 5.755 ; 5.755 ;
; in1[1]     ; out1[10]    ; 5.831 ; 5.831 ; 5.831 ; 5.831 ;
; in1[1]     ; out1[11]    ; 5.821 ; 5.821 ; 5.821 ; 5.821 ;
; in1[1]     ; out1[12]    ; 5.861 ; 5.861 ; 5.861 ; 5.861 ;
; in1[1]     ; out1[13]    ; 5.933 ; 5.933 ; 5.933 ; 5.933 ;
; in1[1]     ; out1[14]    ; 5.902 ; 5.902 ; 5.902 ; 5.902 ;
; in1[1]     ; out1[15]    ; 5.993 ; 5.993 ; 5.993 ; 5.993 ;
; in1[2]     ; out1[2]     ; 5.568 ; 5.568 ; 5.568 ; 5.568 ;
; in1[2]     ; out1[3]     ; 5.810 ; 5.810 ; 5.810 ; 5.810 ;
; in1[2]     ; out1[4]     ; 5.543 ; 5.543 ; 5.543 ; 5.543 ;
; in1[2]     ; out1[5]     ; 7.267 ; 7.267 ; 7.267 ; 7.267 ;
; in1[2]     ; out1[6]     ; 5.762 ; 5.762 ; 5.762 ; 5.762 ;
; in1[2]     ; out1[7]     ; 5.824 ; 5.824 ; 5.824 ; 5.824 ;
; in1[2]     ; out1[8]     ; 5.743 ; 5.743 ; 5.743 ; 5.743 ;
; in1[2]     ; out1[9]     ; 5.932 ; 5.932 ; 5.932 ; 5.932 ;
; in1[2]     ; out1[10]    ; 6.008 ; 6.008 ; 6.008 ; 6.008 ;
; in1[2]     ; out1[11]    ; 5.998 ; 5.998 ; 5.998 ; 5.998 ;
; in1[2]     ; out1[12]    ; 6.038 ; 6.038 ; 6.038 ; 6.038 ;
; in1[2]     ; out1[13]    ; 6.110 ; 6.110 ; 6.110 ; 6.110 ;
; in1[2]     ; out1[14]    ; 6.079 ; 6.079 ; 6.079 ; 6.079 ;
; in1[2]     ; out1[15]    ; 6.170 ; 6.170 ; 6.170 ; 6.170 ;
; in1[3]     ; out1[3]     ; 6.175 ; 6.175 ; 6.175 ; 6.175 ;
; in1[3]     ; out1[4]     ; 6.013 ; 6.013 ; 6.013 ; 6.013 ;
; in1[3]     ; out1[5]     ; 7.737 ; 7.737 ; 7.737 ; 7.737 ;
; in1[3]     ; out1[6]     ; 6.232 ; 6.232 ; 6.232 ; 6.232 ;
; in1[3]     ; out1[7]     ; 6.294 ; 6.294 ; 6.294 ; 6.294 ;
; in1[3]     ; out1[8]     ; 6.213 ; 6.213 ; 6.213 ; 6.213 ;
; in1[3]     ; out1[9]     ; 6.402 ; 6.402 ; 6.402 ; 6.402 ;
; in1[3]     ; out1[10]    ; 6.478 ; 6.478 ; 6.478 ; 6.478 ;
; in1[3]     ; out1[11]    ; 6.468 ; 6.468 ; 6.468 ; 6.468 ;
; in1[3]     ; out1[12]    ; 6.508 ; 6.508 ; 6.508 ; 6.508 ;
; in1[3]     ; out1[13]    ; 6.580 ; 6.580 ; 6.580 ; 6.580 ;
; in1[3]     ; out1[14]    ; 6.549 ; 6.549 ; 6.549 ; 6.549 ;
; in1[3]     ; out1[15]    ; 6.640 ; 6.640 ; 6.640 ; 6.640 ;
; in1[4]     ; out1[4]     ; 5.938 ; 5.938 ; 5.938 ; 5.938 ;
; in1[4]     ; out1[5]     ; 7.765 ; 7.765 ; 7.765 ; 7.765 ;
; in1[4]     ; out1[6]     ; 6.260 ; 6.260 ; 6.260 ; 6.260 ;
; in1[4]     ; out1[7]     ; 6.322 ; 6.322 ; 6.322 ; 6.322 ;
; in1[4]     ; out1[8]     ; 6.241 ; 6.241 ; 6.241 ; 6.241 ;
; in1[4]     ; out1[9]     ; 6.430 ; 6.430 ; 6.430 ; 6.430 ;
; in1[4]     ; out1[10]    ; 6.506 ; 6.506 ; 6.506 ; 6.506 ;
; in1[4]     ; out1[11]    ; 6.496 ; 6.496 ; 6.496 ; 6.496 ;
; in1[4]     ; out1[12]    ; 6.536 ; 6.536 ; 6.536 ; 6.536 ;
; in1[4]     ; out1[13]    ; 6.608 ; 6.608 ; 6.608 ; 6.608 ;
; in1[4]     ; out1[14]    ; 6.577 ; 6.577 ; 6.577 ; 6.577 ;
; in1[4]     ; out1[15]    ; 6.668 ; 6.668 ; 6.668 ; 6.668 ;
; in1[5]     ; out1[5]     ; 6.996 ; 6.996 ; 6.996 ; 6.996 ;
; in1[5]     ; out1[6]     ; 5.594 ; 5.594 ; 5.594 ; 5.594 ;
; in1[5]     ; out1[7]     ; 5.656 ; 5.656 ; 5.656 ; 5.656 ;
; in1[5]     ; out1[8]     ; 5.575 ; 5.575 ; 5.575 ; 5.575 ;
; in1[5]     ; out1[9]     ; 5.764 ; 5.764 ; 5.764 ; 5.764 ;
; in1[5]     ; out1[10]    ; 5.840 ; 5.840 ; 5.840 ; 5.840 ;
; in1[5]     ; out1[11]    ; 5.830 ; 5.830 ; 5.830 ; 5.830 ;
; in1[5]     ; out1[12]    ; 5.870 ; 5.870 ; 5.870 ; 5.870 ;
; in1[5]     ; out1[13]    ; 5.942 ; 5.942 ; 5.942 ; 5.942 ;
; in1[5]     ; out1[14]    ; 5.911 ; 5.911 ; 5.911 ; 5.911 ;
; in1[5]     ; out1[15]    ; 6.002 ; 6.002 ; 6.002 ; 6.002 ;
; in1[6]     ; out1[6]     ; 5.470 ; 5.470 ; 5.470 ; 5.470 ;
; in1[6]     ; out1[7]     ; 5.635 ; 5.635 ; 5.635 ; 5.635 ;
; in1[6]     ; out1[8]     ; 5.554 ; 5.554 ; 5.554 ; 5.554 ;
; in1[6]     ; out1[9]     ; 5.743 ; 5.743 ; 5.743 ; 5.743 ;
; in1[6]     ; out1[10]    ; 5.819 ; 5.819 ; 5.819 ; 5.819 ;
; in1[6]     ; out1[11]    ; 5.809 ; 5.809 ; 5.809 ; 5.809 ;
; in1[6]     ; out1[12]    ; 5.849 ; 5.849 ; 5.849 ; 5.849 ;
; in1[6]     ; out1[13]    ; 5.921 ; 5.921 ; 5.921 ; 5.921 ;
; in1[6]     ; out1[14]    ; 5.890 ; 5.890 ; 5.890 ; 5.890 ;
; in1[6]     ; out1[15]    ; 5.981 ; 5.981 ; 5.981 ; 5.981 ;
; in1[7]     ; out1[7]     ; 5.498 ; 5.498 ; 5.498 ; 5.498 ;
; in1[7]     ; out1[8]     ; 5.517 ; 5.517 ; 5.517 ; 5.517 ;
; in1[7]     ; out1[9]     ; 5.706 ; 5.706 ; 5.706 ; 5.706 ;
; in1[7]     ; out1[10]    ; 5.782 ; 5.782 ; 5.782 ; 5.782 ;
; in1[7]     ; out1[11]    ; 5.772 ; 5.772 ; 5.772 ; 5.772 ;
; in1[7]     ; out1[12]    ; 5.812 ; 5.812 ; 5.812 ; 5.812 ;
; in1[7]     ; out1[13]    ; 5.884 ; 5.884 ; 5.884 ; 5.884 ;
; in1[7]     ; out1[14]    ; 5.853 ; 5.853 ; 5.853 ; 5.853 ;
; in1[7]     ; out1[15]    ; 5.944 ; 5.944 ; 5.944 ; 5.944 ;
; in1[8]     ; out1[8]     ; 5.309 ; 5.309 ; 5.309 ; 5.309 ;
; in1[8]     ; out1[9]     ; 5.601 ; 5.601 ; 5.601 ; 5.601 ;
; in1[8]     ; out1[10]    ; 5.677 ; 5.677 ; 5.677 ; 5.677 ;
; in1[8]     ; out1[11]    ; 5.667 ; 5.667 ; 5.667 ; 5.667 ;
; in1[8]     ; out1[12]    ; 5.707 ; 5.707 ; 5.707 ; 5.707 ;
; in1[8]     ; out1[13]    ; 5.779 ; 5.779 ; 5.779 ; 5.779 ;
; in1[8]     ; out1[14]    ; 5.748 ; 5.748 ; 5.748 ; 5.748 ;
; in1[8]     ; out1[15]    ; 5.839 ; 5.839 ; 5.839 ; 5.839 ;
; in1[9]     ; out1[9]     ; 5.453 ; 5.453 ; 5.453 ; 5.453 ;
; in1[9]     ; out1[10]    ; 5.632 ; 5.632 ; 5.632 ; 5.632 ;
; in1[9]     ; out1[11]    ; 5.622 ; 5.622 ; 5.622 ; 5.622 ;
; in1[9]     ; out1[12]    ; 5.662 ; 5.662 ; 5.662 ; 5.662 ;
; in1[9]     ; out1[13]    ; 5.734 ; 5.734 ; 5.734 ; 5.734 ;
; in1[9]     ; out1[14]    ; 5.703 ; 5.703 ; 5.703 ; 5.703 ;
; in1[9]     ; out1[15]    ; 5.794 ; 5.794 ; 5.794 ; 5.794 ;
; in1[10]    ; out1[10]    ; 5.517 ; 5.517 ; 5.517 ; 5.517 ;
; in1[10]    ; out1[11]    ; 5.610 ; 5.610 ; 5.610 ; 5.610 ;
; in1[10]    ; out1[12]    ; 5.650 ; 5.650 ; 5.650 ; 5.650 ;
; in1[10]    ; out1[13]    ; 5.722 ; 5.722 ; 5.722 ; 5.722 ;
; in1[10]    ; out1[14]    ; 5.691 ; 5.691 ; 5.691 ; 5.691 ;
; in1[10]    ; out1[15]    ; 5.782 ; 5.782 ; 5.782 ; 5.782 ;
; in1[11]    ; out1[11]    ; 5.414 ; 5.414 ; 5.414 ; 5.414 ;
; in1[11]    ; out1[12]    ; 5.557 ; 5.557 ; 5.557 ; 5.557 ;
; in1[11]    ; out1[13]    ; 5.629 ; 5.629 ; 5.629 ; 5.629 ;
; in1[11]    ; out1[14]    ; 5.598 ; 5.598 ; 5.598 ; 5.598 ;
; in1[11]    ; out1[15]    ; 5.689 ; 5.689 ; 5.689 ; 5.689 ;
; in1[12]    ; out1[12]    ; 5.439 ; 5.439 ; 5.439 ; 5.439 ;
; in1[12]    ; out1[13]    ; 5.616 ; 5.616 ; 5.616 ; 5.616 ;
; in1[12]    ; out1[14]    ; 5.585 ; 5.585 ; 5.585 ; 5.585 ;
; in1[12]    ; out1[15]    ; 5.676 ; 5.676 ; 5.676 ; 5.676 ;
; in1[13]    ; out1[13]    ; 5.353 ; 5.353 ; 5.353 ; 5.353 ;
; in1[13]    ; out1[14]    ; 5.427 ; 5.427 ; 5.427 ; 5.427 ;
; in1[13]    ; out1[15]    ; 5.518 ; 5.518 ; 5.518 ; 5.518 ;
; in1[14]    ; out1[14]    ; 5.485 ; 5.485 ; 5.485 ; 5.485 ;
; in1[14]    ; out1[15]    ; 5.681 ; 5.681 ; 5.681 ; 5.681 ;
; in1[15]    ; out1[15]    ; 5.613 ; 5.613 ; 5.613 ; 5.613 ;
; op[0]      ; out1[0]     ; 8.921 ; 8.921 ; 8.921 ; 8.921 ;
; op[0]      ; out1[1]     ; 8.073 ; 8.073 ; 8.073 ; 8.073 ;
; op[0]      ; out1[2]     ; 8.178 ; 8.178 ; 8.178 ; 8.178 ;
; op[0]      ; out1[3]     ; 8.317 ; 8.317 ; 8.317 ; 8.317 ;
; op[0]      ; out1[4]     ; 8.050 ; 8.050 ; 8.050 ; 8.050 ;
; op[0]      ; out1[5]     ; 9.774 ; 9.774 ; 9.774 ; 9.774 ;
; op[0]      ; out1[6]     ; 8.269 ; 8.269 ; 8.269 ; 8.269 ;
; op[0]      ; out1[7]     ; 8.331 ; 8.331 ; 8.331 ; 8.331 ;
; op[0]      ; out1[8]     ; 8.250 ; 8.250 ; 8.250 ; 8.250 ;
; op[0]      ; out1[9]     ; 8.439 ; 8.439 ; 8.439 ; 8.439 ;
; op[0]      ; out1[10]    ; 8.515 ; 8.515 ; 8.515 ; 8.515 ;
; op[0]      ; out1[11]    ; 8.505 ; 8.505 ; 8.505 ; 8.505 ;
; op[0]      ; out1[12]    ; 8.545 ; 8.545 ; 8.545 ; 8.545 ;
; op[0]      ; out1[13]    ; 8.617 ; 8.617 ; 8.617 ; 8.617 ;
; op[0]      ; out1[14]    ; 8.586 ; 8.586 ; 8.586 ; 8.586 ;
; op[0]      ; out1[15]    ; 8.677 ; 8.677 ; 8.677 ; 8.677 ;
; op[1]      ; out1[0]     ; 8.950 ; 8.950 ; 8.950 ; 8.950 ;
; op[1]      ; out1[1]     ; 8.102 ; 8.102 ; 8.102 ; 8.102 ;
; op[1]      ; out1[2]     ; 8.207 ; 8.207 ; 8.207 ; 8.207 ;
; op[1]      ; out1[3]     ; 8.346 ; 8.346 ; 8.346 ; 8.346 ;
; op[1]      ; out1[4]     ; 8.079 ; 8.079 ; 8.079 ; 8.079 ;
; op[1]      ; out1[5]     ; 9.803 ; 9.803 ; 9.803 ; 9.803 ;
; op[1]      ; out1[6]     ; 8.298 ; 8.298 ; 8.298 ; 8.298 ;
; op[1]      ; out1[7]     ; 8.360 ; 8.360 ; 8.360 ; 8.360 ;
; op[1]      ; out1[8]     ; 8.279 ; 8.279 ; 8.279 ; 8.279 ;
; op[1]      ; out1[9]     ; 8.468 ; 8.468 ; 8.468 ; 8.468 ;
; op[1]      ; out1[10]    ; 8.544 ; 8.544 ; 8.544 ; 8.544 ;
; op[1]      ; out1[11]    ; 8.534 ; 8.534 ; 8.534 ; 8.534 ;
; op[1]      ; out1[12]    ; 8.574 ; 8.574 ; 8.574 ; 8.574 ;
; op[1]      ; out1[13]    ; 8.646 ; 8.646 ; 8.646 ; 8.646 ;
; op[1]      ; out1[14]    ; 8.615 ; 8.615 ; 8.615 ; 8.615 ;
; op[1]      ; out1[15]    ; 8.706 ; 8.706 ; 8.706 ; 8.706 ;
; op[2]      ; out1[0]     ; 6.479 ; 6.479 ; 6.479 ; 6.479 ;
; op[2]      ; out1[1]     ; 5.631 ; 5.631 ; 5.631 ; 5.631 ;
; op[2]      ; out1[2]     ; 5.736 ; 5.736 ; 5.736 ; 5.736 ;
; op[2]      ; out1[3]     ; 5.875 ; 5.875 ; 5.875 ; 5.875 ;
; op[2]      ; out1[4]     ; 5.608 ; 5.608 ; 5.608 ; 5.608 ;
; op[2]      ; out1[5]     ; 7.332 ; 7.332 ; 7.332 ; 7.332 ;
; op[2]      ; out1[6]     ; 5.827 ; 5.827 ; 5.827 ; 5.827 ;
; op[2]      ; out1[7]     ; 5.889 ; 5.889 ; 5.889 ; 5.889 ;
; op[2]      ; out1[8]     ; 5.808 ; 5.808 ; 5.808 ; 5.808 ;
; op[2]      ; out1[9]     ; 5.997 ; 5.997 ; 5.997 ; 5.997 ;
; op[2]      ; out1[10]    ; 6.073 ; 6.073 ; 6.073 ; 6.073 ;
; op[2]      ; out1[11]    ; 6.063 ; 6.063 ; 6.063 ; 6.063 ;
; op[2]      ; out1[12]    ; 6.103 ; 6.103 ; 6.103 ; 6.103 ;
; op[2]      ; out1[13]    ; 6.175 ; 6.175 ; 6.175 ; 6.175 ;
; op[2]      ; out1[14]    ; 6.144 ; 6.144 ; 6.144 ; 6.144 ;
; op[2]      ; out1[15]    ; 6.235 ; 6.235 ; 6.235 ; 6.235 ;
+------------+-------------+-------+-------+-------+-------+


+----------------------------------------------------------+
; Minimum Propagation Delay                                ;
+------------+-------------+-------+-------+-------+-------+
; Input Port ; Output Port ; RR    ; RF    ; FR    ; FF    ;
+------------+-------------+-------+-------+-------+-------+
; in1[0]     ; out1[0]     ; 5.756 ; 5.756 ; 5.756 ; 5.756 ;
; in1[0]     ; out1[1]     ; 4.913 ; 4.913 ; 4.913 ; 4.913 ;
; in1[0]     ; out1[2]     ; 5.018 ; 5.018 ; 5.018 ; 5.018 ;
; in1[0]     ; out1[3]     ; 5.157 ; 5.157 ; 5.157 ; 5.157 ;
; in1[0]     ; out1[4]     ; 4.890 ; 4.890 ; 4.890 ; 4.890 ;
; in1[0]     ; out1[5]     ; 6.614 ; 6.614 ; 6.614 ; 6.614 ;
; in1[0]     ; out1[6]     ; 5.109 ; 5.109 ; 5.109 ; 5.109 ;
; in1[0]     ; out1[7]     ; 5.171 ; 5.171 ; 5.171 ; 5.171 ;
; in1[0]     ; out1[8]     ; 5.090 ; 5.090 ; 5.090 ; 5.090 ;
; in1[0]     ; out1[9]     ; 5.279 ; 5.279 ; 5.279 ; 5.279 ;
; in1[0]     ; out1[10]    ; 5.355 ; 5.355 ; 5.355 ; 5.355 ;
; in1[0]     ; out1[11]    ; 5.345 ; 5.345 ; 5.345 ; 5.345 ;
; in1[0]     ; out1[12]    ; 5.385 ; 5.385 ; 5.385 ; 5.385 ;
; in1[0]     ; out1[13]    ; 5.457 ; 5.457 ; 5.457 ; 5.457 ;
; in1[0]     ; out1[14]    ; 5.426 ; 5.426 ; 5.426 ; 5.426 ;
; in1[0]     ; out1[15]    ; 5.517 ; 5.517 ; 5.517 ; 5.517 ;
; in1[1]     ; out1[1]     ; 5.284 ; 5.284 ; 5.284 ; 5.284 ;
; in1[1]     ; out1[2]     ; 5.494 ; 5.494 ; 5.494 ; 5.494 ;
; in1[1]     ; out1[3]     ; 5.633 ; 5.633 ; 5.633 ; 5.633 ;
; in1[1]     ; out1[4]     ; 5.366 ; 5.366 ; 5.366 ; 5.366 ;
; in1[1]     ; out1[5]     ; 7.090 ; 7.090 ; 7.090 ; 7.090 ;
; in1[1]     ; out1[6]     ; 5.585 ; 5.585 ; 5.585 ; 5.585 ;
; in1[1]     ; out1[7]     ; 5.647 ; 5.647 ; 5.647 ; 5.647 ;
; in1[1]     ; out1[8]     ; 5.566 ; 5.566 ; 5.566 ; 5.566 ;
; in1[1]     ; out1[9]     ; 5.755 ; 5.755 ; 5.755 ; 5.755 ;
; in1[1]     ; out1[10]    ; 5.831 ; 5.831 ; 5.831 ; 5.831 ;
; in1[1]     ; out1[11]    ; 5.821 ; 5.821 ; 5.821 ; 5.821 ;
; in1[1]     ; out1[12]    ; 5.861 ; 5.861 ; 5.861 ; 5.861 ;
; in1[1]     ; out1[13]    ; 5.933 ; 5.933 ; 5.933 ; 5.933 ;
; in1[1]     ; out1[14]    ; 5.902 ; 5.902 ; 5.902 ; 5.902 ;
; in1[1]     ; out1[15]    ; 5.993 ; 5.993 ; 5.993 ; 5.993 ;
; in1[2]     ; out1[2]     ; 5.568 ; 5.568 ; 5.568 ; 5.568 ;
; in1[2]     ; out1[3]     ; 5.810 ; 5.810 ; 5.810 ; 5.810 ;
; in1[2]     ; out1[4]     ; 5.543 ; 5.543 ; 5.543 ; 5.543 ;
; in1[2]     ; out1[5]     ; 7.267 ; 7.267 ; 7.267 ; 7.267 ;
; in1[2]     ; out1[6]     ; 5.762 ; 5.762 ; 5.762 ; 5.762 ;
; in1[2]     ; out1[7]     ; 5.824 ; 5.824 ; 5.824 ; 5.824 ;
; in1[2]     ; out1[8]     ; 5.743 ; 5.743 ; 5.743 ; 5.743 ;
; in1[2]     ; out1[9]     ; 5.932 ; 5.932 ; 5.932 ; 5.932 ;
; in1[2]     ; out1[10]    ; 6.008 ; 6.008 ; 6.008 ; 6.008 ;
; in1[2]     ; out1[11]    ; 5.998 ; 5.998 ; 5.998 ; 5.998 ;
; in1[2]     ; out1[12]    ; 6.038 ; 6.038 ; 6.038 ; 6.038 ;
; in1[2]     ; out1[13]    ; 6.110 ; 6.110 ; 6.110 ; 6.110 ;
; in1[2]     ; out1[14]    ; 6.079 ; 6.079 ; 6.079 ; 6.079 ;
; in1[2]     ; out1[15]    ; 6.170 ; 6.170 ; 6.170 ; 6.170 ;
; in1[3]     ; out1[3]     ; 6.175 ; 6.175 ; 6.175 ; 6.175 ;
; in1[3]     ; out1[4]     ; 6.013 ; 6.013 ; 6.013 ; 6.013 ;
; in1[3]     ; out1[5]     ; 7.737 ; 7.737 ; 7.737 ; 7.737 ;
; in1[3]     ; out1[6]     ; 6.232 ; 6.232 ; 6.232 ; 6.232 ;
; in1[3]     ; out1[7]     ; 6.294 ; 6.294 ; 6.294 ; 6.294 ;
; in1[3]     ; out1[8]     ; 6.213 ; 6.213 ; 6.213 ; 6.213 ;
; in1[3]     ; out1[9]     ; 6.402 ; 6.402 ; 6.402 ; 6.402 ;
; in1[3]     ; out1[10]    ; 6.478 ; 6.478 ; 6.478 ; 6.478 ;
; in1[3]     ; out1[11]    ; 6.468 ; 6.468 ; 6.468 ; 6.468 ;
; in1[3]     ; out1[12]    ; 6.508 ; 6.508 ; 6.508 ; 6.508 ;
; in1[3]     ; out1[13]    ; 6.580 ; 6.580 ; 6.580 ; 6.580 ;
; in1[3]     ; out1[14]    ; 6.549 ; 6.549 ; 6.549 ; 6.549 ;
; in1[3]     ; out1[15]    ; 6.640 ; 6.640 ; 6.640 ; 6.640 ;
; in1[4]     ; out1[4]     ; 5.938 ; 5.938 ; 5.938 ; 5.938 ;
; in1[4]     ; out1[5]     ; 7.765 ; 7.765 ; 7.765 ; 7.765 ;
; in1[4]     ; out1[6]     ; 6.260 ; 6.260 ; 6.260 ; 6.260 ;
; in1[4]     ; out1[7]     ; 6.322 ; 6.322 ; 6.322 ; 6.322 ;
; in1[4]     ; out1[8]     ; 6.241 ; 6.241 ; 6.241 ; 6.241 ;
; in1[4]     ; out1[9]     ; 6.430 ; 6.430 ; 6.430 ; 6.430 ;
; in1[4]     ; out1[10]    ; 6.506 ; 6.506 ; 6.506 ; 6.506 ;
; in1[4]     ; out1[11]    ; 6.496 ; 6.496 ; 6.496 ; 6.496 ;
; in1[4]     ; out1[12]    ; 6.536 ; 6.536 ; 6.536 ; 6.536 ;
; in1[4]     ; out1[13]    ; 6.608 ; 6.608 ; 6.608 ; 6.608 ;
; in1[4]     ; out1[14]    ; 6.577 ; 6.577 ; 6.577 ; 6.577 ;
; in1[4]     ; out1[15]    ; 6.668 ; 6.668 ; 6.668 ; 6.668 ;
; in1[5]     ; out1[5]     ; 6.996 ; 6.996 ; 6.996 ; 6.996 ;
; in1[5]     ; out1[6]     ; 5.594 ; 5.594 ; 5.594 ; 5.594 ;
; in1[5]     ; out1[7]     ; 5.656 ; 5.656 ; 5.656 ; 5.656 ;
; in1[5]     ; out1[8]     ; 5.575 ; 5.575 ; 5.575 ; 5.575 ;
; in1[5]     ; out1[9]     ; 5.764 ; 5.764 ; 5.764 ; 5.764 ;
; in1[5]     ; out1[10]    ; 5.840 ; 5.840 ; 5.840 ; 5.840 ;
; in1[5]     ; out1[11]    ; 5.830 ; 5.830 ; 5.830 ; 5.830 ;
; in1[5]     ; out1[12]    ; 5.870 ; 5.870 ; 5.870 ; 5.870 ;
; in1[5]     ; out1[13]    ; 5.942 ; 5.942 ; 5.942 ; 5.942 ;
; in1[5]     ; out1[14]    ; 5.911 ; 5.911 ; 5.911 ; 5.911 ;
; in1[5]     ; out1[15]    ; 6.002 ; 6.002 ; 6.002 ; 6.002 ;
; in1[6]     ; out1[6]     ; 5.470 ; 5.470 ; 5.470 ; 5.470 ;
; in1[6]     ; out1[7]     ; 5.635 ; 5.635 ; 5.635 ; 5.635 ;
; in1[6]     ; out1[8]     ; 5.554 ; 5.554 ; 5.554 ; 5.554 ;
; in1[6]     ; out1[9]     ; 5.743 ; 5.743 ; 5.743 ; 5.743 ;
; in1[6]     ; out1[10]    ; 5.819 ; 5.819 ; 5.819 ; 5.819 ;
; in1[6]     ; out1[11]    ; 5.809 ; 5.809 ; 5.809 ; 5.809 ;
; in1[6]     ; out1[12]    ; 5.849 ; 5.849 ; 5.849 ; 5.849 ;
; in1[6]     ; out1[13]    ; 5.921 ; 5.921 ; 5.921 ; 5.921 ;
; in1[6]     ; out1[14]    ; 5.890 ; 5.890 ; 5.890 ; 5.890 ;
; in1[6]     ; out1[15]    ; 5.981 ; 5.981 ; 5.981 ; 5.981 ;
; in1[7]     ; out1[7]     ; 5.498 ; 5.498 ; 5.498 ; 5.498 ;
; in1[7]     ; out1[8]     ; 5.517 ; 5.517 ; 5.517 ; 5.517 ;
; in1[7]     ; out1[9]     ; 5.706 ; 5.706 ; 5.706 ; 5.706 ;
; in1[7]     ; out1[10]    ; 5.782 ; 5.782 ; 5.782 ; 5.782 ;
; in1[7]     ; out1[11]    ; 5.772 ; 5.772 ; 5.772 ; 5.772 ;
; in1[7]     ; out1[12]    ; 5.812 ; 5.812 ; 5.812 ; 5.812 ;
; in1[7]     ; out1[13]    ; 5.884 ; 5.884 ; 5.884 ; 5.884 ;
; in1[7]     ; out1[14]    ; 5.853 ; 5.853 ; 5.853 ; 5.853 ;
; in1[7]     ; out1[15]    ; 5.944 ; 5.944 ; 5.944 ; 5.944 ;
; in1[8]     ; out1[8]     ; 5.309 ; 5.309 ; 5.309 ; 5.309 ;
; in1[8]     ; out1[9]     ; 5.601 ; 5.601 ; 5.601 ; 5.601 ;
; in1[8]     ; out1[10]    ; 5.677 ; 5.677 ; 5.677 ; 5.677 ;
; in1[8]     ; out1[11]    ; 5.667 ; 5.667 ; 5.667 ; 5.667 ;
; in1[8]     ; out1[12]    ; 5.707 ; 5.707 ; 5.707 ; 5.707 ;
; in1[8]     ; out1[13]    ; 5.779 ; 5.779 ; 5.779 ; 5.779 ;
; in1[8]     ; out1[14]    ; 5.748 ; 5.748 ; 5.748 ; 5.748 ;
; in1[8]     ; out1[15]    ; 5.839 ; 5.839 ; 5.839 ; 5.839 ;
; in1[9]     ; out1[9]     ; 5.453 ; 5.453 ; 5.453 ; 5.453 ;
; in1[9]     ; out1[10]    ; 5.632 ; 5.632 ; 5.632 ; 5.632 ;
; in1[9]     ; out1[11]    ; 5.622 ; 5.622 ; 5.622 ; 5.622 ;
; in1[9]     ; out1[12]    ; 5.662 ; 5.662 ; 5.662 ; 5.662 ;
; in1[9]     ; out1[13]    ; 5.734 ; 5.734 ; 5.734 ; 5.734 ;
; in1[9]     ; out1[14]    ; 5.703 ; 5.703 ; 5.703 ; 5.703 ;
; in1[9]     ; out1[15]    ; 5.794 ; 5.794 ; 5.794 ; 5.794 ;
; in1[10]    ; out1[10]    ; 5.517 ; 5.517 ; 5.517 ; 5.517 ;
; in1[10]    ; out1[11]    ; 5.610 ; 5.610 ; 5.610 ; 5.610 ;
; in1[10]    ; out1[12]    ; 5.650 ; 5.650 ; 5.650 ; 5.650 ;
; in1[10]    ; out1[13]    ; 5.722 ; 5.722 ; 5.722 ; 5.722 ;
; in1[10]    ; out1[14]    ; 5.691 ; 5.691 ; 5.691 ; 5.691 ;
; in1[10]    ; out1[15]    ; 5.782 ; 5.782 ; 5.782 ; 5.782 ;
; in1[11]    ; out1[11]    ; 5.414 ; 5.414 ; 5.414 ; 5.414 ;
; in1[11]    ; out1[12]    ; 5.557 ; 5.557 ; 5.557 ; 5.557 ;
; in1[11]    ; out1[13]    ; 5.629 ; 5.629 ; 5.629 ; 5.629 ;
; in1[11]    ; out1[14]    ; 5.598 ; 5.598 ; 5.598 ; 5.598 ;
; in1[11]    ; out1[15]    ; 5.689 ; 5.689 ; 5.689 ; 5.689 ;
; in1[12]    ; out1[12]    ; 5.439 ; 5.439 ; 5.439 ; 5.439 ;
; in1[12]    ; out1[13]    ; 5.616 ; 5.616 ; 5.616 ; 5.616 ;
; in1[12]    ; out1[14]    ; 5.585 ; 5.585 ; 5.585 ; 5.585 ;
; in1[12]    ; out1[15]    ; 5.676 ; 5.676 ; 5.676 ; 5.676 ;
; in1[13]    ; out1[13]    ; 5.353 ; 5.353 ; 5.353 ; 5.353 ;
; in1[13]    ; out1[14]    ; 5.427 ; 5.427 ; 5.427 ; 5.427 ;
; in1[13]    ; out1[15]    ; 5.518 ; 5.518 ; 5.518 ; 5.518 ;
; in1[14]    ; out1[14]    ; 5.485 ; 5.485 ; 5.485 ; 5.485 ;
; in1[14]    ; out1[15]    ; 5.681 ; 5.681 ; 5.681 ; 5.681 ;
; in1[15]    ; out1[15]    ; 5.613 ; 5.613 ; 5.613 ; 5.613 ;
; op[0]      ; out1[0]     ; 8.029 ; 8.029 ; 8.029 ; 8.029 ;
; op[0]      ; out1[1]     ; 7.186 ; 7.186 ; 7.186 ; 7.186 ;
; op[0]      ; out1[2]     ; 7.291 ; 7.291 ; 7.291 ; 7.291 ;
; op[0]      ; out1[3]     ; 7.430 ; 7.430 ; 7.430 ; 7.430 ;
; op[0]      ; out1[4]     ; 7.163 ; 7.163 ; 7.163 ; 7.163 ;
; op[0]      ; out1[5]     ; 8.887 ; 8.887 ; 8.887 ; 8.887 ;
; op[0]      ; out1[6]     ; 7.382 ; 7.382 ; 7.382 ; 7.382 ;
; op[0]      ; out1[7]     ; 7.444 ; 7.444 ; 7.444 ; 7.444 ;
; op[0]      ; out1[8]     ; 7.363 ; 7.363 ; 7.363 ; 7.363 ;
; op[0]      ; out1[9]     ; 7.552 ; 7.552 ; 7.552 ; 7.552 ;
; op[0]      ; out1[10]    ; 7.628 ; 7.628 ; 7.628 ; 7.628 ;
; op[0]      ; out1[11]    ; 7.618 ; 7.618 ; 7.618 ; 7.618 ;
; op[0]      ; out1[12]    ; 7.658 ; 7.658 ; 7.658 ; 7.658 ;
; op[0]      ; out1[13]    ; 7.730 ; 7.730 ; 7.730 ; 7.730 ;
; op[0]      ; out1[14]    ; 7.699 ; 7.699 ; 7.699 ; 7.699 ;
; op[0]      ; out1[15]    ; 7.790 ; 7.790 ; 7.790 ; 7.790 ;
; op[1]      ; out1[0]     ; 8.078 ; 8.078 ; 8.078 ; 8.078 ;
; op[1]      ; out1[1]     ; 7.235 ; 7.235 ; 7.235 ; 7.235 ;
; op[1]      ; out1[2]     ; 7.340 ; 7.340 ; 7.340 ; 7.340 ;
; op[1]      ; out1[3]     ; 7.479 ; 7.479 ; 7.479 ; 7.479 ;
; op[1]      ; out1[4]     ; 7.212 ; 7.212 ; 7.212 ; 7.212 ;
; op[1]      ; out1[5]     ; 8.936 ; 8.936 ; 8.936 ; 8.936 ;
; op[1]      ; out1[6]     ; 7.431 ; 7.431 ; 7.431 ; 7.431 ;
; op[1]      ; out1[7]     ; 7.493 ; 7.493 ; 7.493 ; 7.493 ;
; op[1]      ; out1[8]     ; 7.412 ; 7.412 ; 7.412 ; 7.412 ;
; op[1]      ; out1[9]     ; 7.601 ; 7.601 ; 7.601 ; 7.601 ;
; op[1]      ; out1[10]    ; 7.677 ; 7.677 ; 7.677 ; 7.677 ;
; op[1]      ; out1[11]    ; 7.667 ; 7.667 ; 7.667 ; 7.667 ;
; op[1]      ; out1[12]    ; 7.707 ; 7.707 ; 7.707 ; 7.707 ;
; op[1]      ; out1[13]    ; 7.779 ; 7.779 ; 7.779 ; 7.779 ;
; op[1]      ; out1[14]    ; 7.748 ; 7.748 ; 7.748 ; 7.748 ;
; op[1]      ; out1[15]    ; 7.839 ; 7.839 ; 7.839 ; 7.839 ;
; op[2]      ; out1[0]     ; 5.615 ; 5.615 ; 5.615 ; 5.615 ;
; op[2]      ; out1[1]     ; 4.772 ; 4.772 ; 4.772 ; 4.772 ;
; op[2]      ; out1[2]     ; 4.877 ; 4.877 ; 4.877 ; 4.877 ;
; op[2]      ; out1[3]     ; 5.016 ; 5.016 ; 5.016 ; 5.016 ;
; op[2]      ; out1[4]     ; 4.749 ; 4.749 ; 4.749 ; 4.749 ;
; op[2]      ; out1[5]     ; 6.473 ; 6.473 ; 6.473 ; 6.473 ;
; op[2]      ; out1[6]     ; 4.968 ; 4.968 ; 4.968 ; 4.968 ;
; op[2]      ; out1[7]     ; 5.030 ; 5.030 ; 5.030 ; 5.030 ;
; op[2]      ; out1[8]     ; 4.949 ; 4.949 ; 4.949 ; 4.949 ;
; op[2]      ; out1[9]     ; 5.138 ; 5.138 ; 5.138 ; 5.138 ;
; op[2]      ; out1[10]    ; 5.214 ; 5.214 ; 5.214 ; 5.214 ;
; op[2]      ; out1[11]    ; 5.204 ; 5.204 ; 5.204 ; 5.204 ;
; op[2]      ; out1[12]    ; 5.244 ; 5.244 ; 5.244 ; 5.244 ;
; op[2]      ; out1[13]    ; 5.316 ; 5.316 ; 5.316 ; 5.316 ;
; op[2]      ; out1[14]    ; 5.285 ; 5.285 ; 5.285 ; 5.285 ;
; op[2]      ; out1[15]    ; 5.376 ; 5.376 ; 5.376 ; 5.376 ;
+------------+-------------+-------+-------+-------+-------+


+----------------------------------------------------------------------------+
; Multicorner Timing Analysis Summary                                        ;
+------------------+-------+------+----------+---------+---------------------+
; Clock            ; Setup ; Hold ; Recovery ; Removal ; Minimum Pulse Width ;
+------------------+-------+------+----------+---------+---------------------+
; Worst-case Slack ; N/A   ; N/A  ; N/A      ; N/A     ; N/A                 ;
; Design-wide TNS  ; 0.0   ; 0.0  ; 0.0      ; 0.0     ; 0.0                 ;
+------------------+-------+------+----------+---------+---------------------+


+--------------------------------------------------------------+
; Progagation Delay                                            ;
+------------+-------------+--------+--------+--------+--------+
; Input Port ; Output Port ; RR     ; RF     ; FR     ; FF     ;
+------------+-------------+--------+--------+--------+--------+
; in1[0]     ; out1[0]     ; 11.309 ; 11.309 ; 11.309 ; 11.309 ;
; in1[0]     ; out1[1]     ; 9.852  ; 9.852  ; 9.852  ; 9.852  ;
; in1[0]     ; out1[2]     ; 10.002 ; 10.002 ; 10.002 ; 10.002 ;
; in1[0]     ; out1[3]     ; 10.211 ; 10.211 ; 10.211 ; 10.211 ;
; in1[0]     ; out1[4]     ; 9.781  ; 9.781  ; 9.781  ; 9.781  ;
; in1[0]     ; out1[5]     ; 12.970 ; 12.970 ; 12.970 ; 12.970 ;
; in1[0]     ; out1[6]     ; 10.230 ; 10.230 ; 10.230 ; 10.230 ;
; in1[0]     ; out1[7]     ; 10.351 ; 10.351 ; 10.351 ; 10.351 ;
; in1[0]     ; out1[8]     ; 10.154 ; 10.154 ; 10.154 ; 10.154 ;
; in1[0]     ; out1[9]     ; 10.533 ; 10.533 ; 10.533 ; 10.533 ;
; in1[0]     ; out1[10]    ; 10.654 ; 10.654 ; 10.654 ; 10.654 ;
; in1[0]     ; out1[11]    ; 10.676 ; 10.676 ; 10.676 ; 10.676 ;
; in1[0]     ; out1[12]    ; 10.758 ; 10.758 ; 10.758 ; 10.758 ;
; in1[0]     ; out1[13]    ; 10.866 ; 10.866 ; 10.866 ; 10.866 ;
; in1[0]     ; out1[14]    ; 10.864 ; 10.864 ; 10.864 ; 10.864 ;
; in1[0]     ; out1[15]    ; 11.002 ; 11.002 ; 11.002 ; 11.002 ;
; in1[1]     ; out1[1]     ; 9.548  ; 9.548  ; 9.548  ; 9.548  ;
; in1[1]     ; out1[2]     ; 10.013 ; 10.013 ; 10.013 ; 10.013 ;
; in1[1]     ; out1[3]     ; 10.222 ; 10.222 ; 10.222 ; 10.222 ;
; in1[1]     ; out1[4]     ; 9.792  ; 9.792  ; 9.792  ; 9.792  ;
; in1[1]     ; out1[5]     ; 12.981 ; 12.981 ; 12.981 ; 12.981 ;
; in1[1]     ; out1[6]     ; 10.241 ; 10.241 ; 10.241 ; 10.241 ;
; in1[1]     ; out1[7]     ; 10.362 ; 10.362 ; 10.362 ; 10.362 ;
; in1[1]     ; out1[8]     ; 10.165 ; 10.165 ; 10.165 ; 10.165 ;
; in1[1]     ; out1[9]     ; 10.544 ; 10.544 ; 10.544 ; 10.544 ;
; in1[1]     ; out1[10]    ; 10.665 ; 10.665 ; 10.665 ; 10.665 ;
; in1[1]     ; out1[11]    ; 10.687 ; 10.687 ; 10.687 ; 10.687 ;
; in1[1]     ; out1[12]    ; 10.769 ; 10.769 ; 10.769 ; 10.769 ;
; in1[1]     ; out1[13]    ; 10.877 ; 10.877 ; 10.877 ; 10.877 ;
; in1[1]     ; out1[14]    ; 10.875 ; 10.875 ; 10.875 ; 10.875 ;
; in1[1]     ; out1[15]    ; 11.013 ; 11.013 ; 11.013 ; 11.013 ;
; in1[2]     ; out1[2]     ; 10.053 ; 10.053 ; 10.053 ; 10.053 ;
; in1[2]     ; out1[3]     ; 10.578 ; 10.578 ; 10.578 ; 10.578 ;
; in1[2]     ; out1[4]     ; 10.148 ; 10.148 ; 10.148 ; 10.148 ;
; in1[2]     ; out1[5]     ; 13.337 ; 13.337 ; 13.337 ; 13.337 ;
; in1[2]     ; out1[6]     ; 10.597 ; 10.597 ; 10.597 ; 10.597 ;
; in1[2]     ; out1[7]     ; 10.718 ; 10.718 ; 10.718 ; 10.718 ;
; in1[2]     ; out1[8]     ; 10.521 ; 10.521 ; 10.521 ; 10.521 ;
; in1[2]     ; out1[9]     ; 10.900 ; 10.900 ; 10.900 ; 10.900 ;
; in1[2]     ; out1[10]    ; 11.021 ; 11.021 ; 11.021 ; 11.021 ;
; in1[2]     ; out1[11]    ; 11.043 ; 11.043 ; 11.043 ; 11.043 ;
; in1[2]     ; out1[12]    ; 11.125 ; 11.125 ; 11.125 ; 11.125 ;
; in1[2]     ; out1[13]    ; 11.233 ; 11.233 ; 11.233 ; 11.233 ;
; in1[2]     ; out1[14]    ; 11.231 ; 11.231 ; 11.231 ; 11.231 ;
; in1[2]     ; out1[15]    ; 11.369 ; 11.369 ; 11.369 ; 11.369 ;
; in1[3]     ; out1[3]     ; 11.035 ; 11.035 ; 11.035 ; 11.035 ;
; in1[3]     ; out1[4]     ; 10.920 ; 10.920 ; 10.920 ; 10.920 ;
; in1[3]     ; out1[5]     ; 14.109 ; 14.109 ; 14.109 ; 14.109 ;
; in1[3]     ; out1[6]     ; 11.369 ; 11.369 ; 11.369 ; 11.369 ;
; in1[3]     ; out1[7]     ; 11.490 ; 11.490 ; 11.490 ; 11.490 ;
; in1[3]     ; out1[8]     ; 11.293 ; 11.293 ; 11.293 ; 11.293 ;
; in1[3]     ; out1[9]     ; 11.672 ; 11.672 ; 11.672 ; 11.672 ;
; in1[3]     ; out1[10]    ; 11.793 ; 11.793 ; 11.793 ; 11.793 ;
; in1[3]     ; out1[11]    ; 11.815 ; 11.815 ; 11.815 ; 11.815 ;
; in1[3]     ; out1[12]    ; 11.897 ; 11.897 ; 11.897 ; 11.897 ;
; in1[3]     ; out1[13]    ; 12.005 ; 12.005 ; 12.005 ; 12.005 ;
; in1[3]     ; out1[14]    ; 12.003 ; 12.003 ; 12.003 ; 12.003 ;
; in1[3]     ; out1[15]    ; 12.141 ; 12.141 ; 12.141 ; 12.141 ;
; in1[4]     ; out1[4]     ; 10.727 ; 10.727 ; 10.727 ; 10.727 ;
; in1[4]     ; out1[5]     ; 14.232 ; 14.232 ; 14.232 ; 14.232 ;
; in1[4]     ; out1[6]     ; 11.492 ; 11.492 ; 11.492 ; 11.492 ;
; in1[4]     ; out1[7]     ; 11.613 ; 11.613 ; 11.613 ; 11.613 ;
; in1[4]     ; out1[8]     ; 11.416 ; 11.416 ; 11.416 ; 11.416 ;
; in1[4]     ; out1[9]     ; 11.795 ; 11.795 ; 11.795 ; 11.795 ;
; in1[4]     ; out1[10]    ; 11.916 ; 11.916 ; 11.916 ; 11.916 ;
; in1[4]     ; out1[11]    ; 11.938 ; 11.938 ; 11.938 ; 11.938 ;
; in1[4]     ; out1[12]    ; 12.020 ; 12.020 ; 12.020 ; 12.020 ;
; in1[4]     ; out1[13]    ; 12.128 ; 12.128 ; 12.128 ; 12.128 ;
; in1[4]     ; out1[14]    ; 12.126 ; 12.126 ; 12.126 ; 12.126 ;
; in1[4]     ; out1[15]    ; 12.264 ; 12.264 ; 12.264 ; 12.264 ;
; in1[5]     ; out1[5]     ; 12.666 ; 12.666 ; 12.666 ; 12.666 ;
; in1[5]     ; out1[6]     ; 10.238 ; 10.238 ; 10.238 ; 10.238 ;
; in1[5]     ; out1[7]     ; 10.359 ; 10.359 ; 10.359 ; 10.359 ;
; in1[5]     ; out1[8]     ; 10.162 ; 10.162 ; 10.162 ; 10.162 ;
; in1[5]     ; out1[9]     ; 10.541 ; 10.541 ; 10.541 ; 10.541 ;
; in1[5]     ; out1[10]    ; 10.662 ; 10.662 ; 10.662 ; 10.662 ;
; in1[5]     ; out1[11]    ; 10.684 ; 10.684 ; 10.684 ; 10.684 ;
; in1[5]     ; out1[12]    ; 10.766 ; 10.766 ; 10.766 ; 10.766 ;
; in1[5]     ; out1[13]    ; 10.874 ; 10.874 ; 10.874 ; 10.874 ;
; in1[5]     ; out1[14]    ; 10.872 ; 10.872 ; 10.872 ; 10.872 ;
; in1[5]     ; out1[15]    ; 11.010 ; 11.010 ; 11.010 ; 11.010 ;
; in1[6]     ; out1[6]     ; 9.868  ; 9.868  ; 9.868  ; 9.868  ;
; in1[6]     ; out1[7]     ; 10.305 ; 10.305 ; 10.305 ; 10.305 ;
; in1[6]     ; out1[8]     ; 10.108 ; 10.108 ; 10.108 ; 10.108 ;
; in1[6]     ; out1[9]     ; 10.487 ; 10.487 ; 10.487 ; 10.487 ;
; in1[6]     ; out1[10]    ; 10.608 ; 10.608 ; 10.608 ; 10.608 ;
; in1[6]     ; out1[11]    ; 10.630 ; 10.630 ; 10.630 ; 10.630 ;
; in1[6]     ; out1[12]    ; 10.712 ; 10.712 ; 10.712 ; 10.712 ;
; in1[6]     ; out1[13]    ; 10.820 ; 10.820 ; 10.820 ; 10.820 ;
; in1[6]     ; out1[14]    ; 10.818 ; 10.818 ; 10.818 ; 10.818 ;
; in1[6]     ; out1[15]    ; 10.956 ; 10.956 ; 10.956 ; 10.956 ;
; in1[7]     ; out1[7]     ; 9.946  ; 9.946  ; 9.946  ; 9.946  ;
; in1[7]     ; out1[8]     ; 10.066 ; 10.066 ; 10.066 ; 10.066 ;
; in1[7]     ; out1[9]     ; 10.445 ; 10.445 ; 10.445 ; 10.445 ;
; in1[7]     ; out1[10]    ; 10.566 ; 10.566 ; 10.566 ; 10.566 ;
; in1[7]     ; out1[11]    ; 10.588 ; 10.588 ; 10.588 ; 10.588 ;
; in1[7]     ; out1[12]    ; 10.670 ; 10.670 ; 10.670 ; 10.670 ;
; in1[7]     ; out1[13]    ; 10.778 ; 10.778 ; 10.778 ; 10.778 ;
; in1[7]     ; out1[14]    ; 10.776 ; 10.776 ; 10.776 ; 10.776 ;
; in1[7]     ; out1[15]    ; 10.914 ; 10.914 ; 10.914 ; 10.914 ;
; in1[8]     ; out1[8]     ; 9.546  ; 9.546  ; 9.546  ; 9.546  ;
; in1[8]     ; out1[9]     ; 10.241 ; 10.241 ; 10.241 ; 10.241 ;
; in1[8]     ; out1[10]    ; 10.362 ; 10.362 ; 10.362 ; 10.362 ;
; in1[8]     ; out1[11]    ; 10.384 ; 10.384 ; 10.384 ; 10.384 ;
; in1[8]     ; out1[12]    ; 10.466 ; 10.466 ; 10.466 ; 10.466 ;
; in1[8]     ; out1[13]    ; 10.574 ; 10.574 ; 10.574 ; 10.574 ;
; in1[8]     ; out1[14]    ; 10.572 ; 10.572 ; 10.572 ; 10.572 ;
; in1[8]     ; out1[15]    ; 10.710 ; 10.710 ; 10.710 ; 10.710 ;
; in1[9]     ; out1[9]     ; 9.849  ; 9.849  ; 9.849  ; 9.849  ;
; in1[9]     ; out1[10]    ; 10.282 ; 10.282 ; 10.282 ; 10.282 ;
; in1[9]     ; out1[11]    ; 10.304 ; 10.304 ; 10.304 ; 10.304 ;
; in1[9]     ; out1[12]    ; 10.386 ; 10.386 ; 10.386 ; 10.386 ;
; in1[9]     ; out1[13]    ; 10.494 ; 10.494 ; 10.494 ; 10.494 ;
; in1[9]     ; out1[14]    ; 10.492 ; 10.492 ; 10.492 ; 10.492 ;
; in1[9]     ; out1[15]    ; 10.630 ; 10.630 ; 10.630 ; 10.630 ;
; in1[10]    ; out1[10]    ; 9.919  ; 9.919  ; 9.919  ; 9.919  ;
; in1[10]    ; out1[11]    ; 10.257 ; 10.257 ; 10.257 ; 10.257 ;
; in1[10]    ; out1[12]    ; 10.339 ; 10.339 ; 10.339 ; 10.339 ;
; in1[10]    ; out1[13]    ; 10.447 ; 10.447 ; 10.447 ; 10.447 ;
; in1[10]    ; out1[14]    ; 10.445 ; 10.445 ; 10.445 ; 10.445 ;
; in1[10]    ; out1[15]    ; 10.583 ; 10.583 ; 10.583 ; 10.583 ;
; in1[11]    ; out1[11]    ; 9.812  ; 9.812  ; 9.812  ; 9.812  ;
; in1[11]    ; out1[12]    ; 10.206 ; 10.206 ; 10.206 ; 10.206 ;
; in1[11]    ; out1[13]    ; 10.314 ; 10.314 ; 10.314 ; 10.314 ;
; in1[11]    ; out1[14]    ; 10.312 ; 10.312 ; 10.312 ; 10.312 ;
; in1[11]    ; out1[15]    ; 10.450 ; 10.450 ; 10.450 ; 10.450 ;
; in1[12]    ; out1[12]    ; 9.869  ; 9.869  ; 9.869  ; 9.869  ;
; in1[12]    ; out1[13]    ; 10.292 ; 10.292 ; 10.292 ; 10.292 ;
; in1[12]    ; out1[14]    ; 10.290 ; 10.290 ; 10.290 ; 10.290 ;
; in1[12]    ; out1[15]    ; 10.428 ; 10.428 ; 10.428 ; 10.428 ;
; in1[13]    ; out1[13]    ; 9.621  ; 9.621  ; 9.621  ; 9.621  ;
; in1[13]    ; out1[14]    ; 9.934  ; 9.934  ; 9.934  ; 9.934  ;
; in1[13]    ; out1[15]    ; 10.072 ; 10.072 ; 10.072 ; 10.072 ;
; in1[14]    ; out1[14]    ; 9.983  ; 9.983  ; 9.983  ; 9.983  ;
; in1[14]    ; out1[15]    ; 10.436 ; 10.436 ; 10.436 ; 10.436 ;
; in1[15]    ; out1[15]    ; 10.185 ; 10.185 ; 10.185 ; 10.185 ;
; op[0]      ; out1[0]     ; 16.666 ; 16.666 ; 16.666 ; 16.666 ;
; op[0]      ; out1[1]     ; 15.205 ; 15.205 ; 15.205 ; 15.205 ;
; op[0]      ; out1[2]     ; 15.355 ; 15.355 ; 15.355 ; 15.355 ;
; op[0]      ; out1[3]     ; 15.564 ; 15.564 ; 15.564 ; 15.564 ;
; op[0]      ; out1[4]     ; 15.134 ; 15.134 ; 15.134 ; 15.134 ;
; op[0]      ; out1[5]     ; 18.323 ; 18.323 ; 18.323 ; 18.323 ;
; op[0]      ; out1[6]     ; 15.583 ; 15.583 ; 15.583 ; 15.583 ;
; op[0]      ; out1[7]     ; 15.704 ; 15.704 ; 15.704 ; 15.704 ;
; op[0]      ; out1[8]     ; 15.507 ; 15.507 ; 15.507 ; 15.507 ;
; op[0]      ; out1[9]     ; 15.886 ; 15.886 ; 15.886 ; 15.886 ;
; op[0]      ; out1[10]    ; 16.007 ; 16.007 ; 16.007 ; 16.007 ;
; op[0]      ; out1[11]    ; 16.029 ; 16.029 ; 16.029 ; 16.029 ;
; op[0]      ; out1[12]    ; 16.111 ; 16.111 ; 16.111 ; 16.111 ;
; op[0]      ; out1[13]    ; 16.219 ; 16.219 ; 16.219 ; 16.219 ;
; op[0]      ; out1[14]    ; 16.217 ; 16.217 ; 16.217 ; 16.217 ;
; op[0]      ; out1[15]    ; 16.355 ; 16.355 ; 16.355 ; 16.355 ;
; op[1]      ; out1[0]     ; 16.802 ; 16.802 ; 16.802 ; 16.802 ;
; op[1]      ; out1[1]     ; 15.341 ; 15.341 ; 15.341 ; 15.341 ;
; op[1]      ; out1[2]     ; 15.491 ; 15.491 ; 15.491 ; 15.491 ;
; op[1]      ; out1[3]     ; 15.700 ; 15.700 ; 15.700 ; 15.700 ;
; op[1]      ; out1[4]     ; 15.270 ; 15.270 ; 15.270 ; 15.270 ;
; op[1]      ; out1[5]     ; 18.459 ; 18.459 ; 18.459 ; 18.459 ;
; op[1]      ; out1[6]     ; 15.719 ; 15.719 ; 15.719 ; 15.719 ;
; op[1]      ; out1[7]     ; 15.840 ; 15.840 ; 15.840 ; 15.840 ;
; op[1]      ; out1[8]     ; 15.643 ; 15.643 ; 15.643 ; 15.643 ;
; op[1]      ; out1[9]     ; 16.022 ; 16.022 ; 16.022 ; 16.022 ;
; op[1]      ; out1[10]    ; 16.143 ; 16.143 ; 16.143 ; 16.143 ;
; op[1]      ; out1[11]    ; 16.165 ; 16.165 ; 16.165 ; 16.165 ;
; op[1]      ; out1[12]    ; 16.247 ; 16.247 ; 16.247 ; 16.247 ;
; op[1]      ; out1[13]    ; 16.355 ; 16.355 ; 16.355 ; 16.355 ;
; op[1]      ; out1[14]    ; 16.353 ; 16.353 ; 16.353 ; 16.353 ;
; op[1]      ; out1[15]    ; 16.491 ; 16.491 ; 16.491 ; 16.491 ;
; op[2]      ; out1[0]     ; 12.738 ; 12.738 ; 12.738 ; 12.738 ;
; op[2]      ; out1[1]     ; 11.277 ; 11.277 ; 11.277 ; 11.277 ;
; op[2]      ; out1[2]     ; 11.427 ; 11.427 ; 11.427 ; 11.427 ;
; op[2]      ; out1[3]     ; 11.636 ; 11.636 ; 11.636 ; 11.636 ;
; op[2]      ; out1[4]     ; 11.206 ; 11.206 ; 11.206 ; 11.206 ;
; op[2]      ; out1[5]     ; 14.395 ; 14.395 ; 14.395 ; 14.395 ;
; op[2]      ; out1[6]     ; 11.655 ; 11.655 ; 11.655 ; 11.655 ;
; op[2]      ; out1[7]     ; 11.776 ; 11.776 ; 11.776 ; 11.776 ;
; op[2]      ; out1[8]     ; 11.579 ; 11.579 ; 11.579 ; 11.579 ;
; op[2]      ; out1[9]     ; 11.958 ; 11.958 ; 11.958 ; 11.958 ;
; op[2]      ; out1[10]    ; 12.079 ; 12.079 ; 12.079 ; 12.079 ;
; op[2]      ; out1[11]    ; 12.101 ; 12.101 ; 12.101 ; 12.101 ;
; op[2]      ; out1[12]    ; 12.183 ; 12.183 ; 12.183 ; 12.183 ;
; op[2]      ; out1[13]    ; 12.291 ; 12.291 ; 12.291 ; 12.291 ;
; op[2]      ; out1[14]    ; 12.289 ; 12.289 ; 12.289 ; 12.289 ;
; op[2]      ; out1[15]    ; 12.427 ; 12.427 ; 12.427 ; 12.427 ;
+------------+-------------+--------+--------+--------+--------+


+----------------------------------------------------------+
; Minimum Progagation Delay                                ;
+------------+-------------+-------+-------+-------+-------+
; Input Port ; Output Port ; RR    ; RF    ; FR    ; FF    ;
+------------+-------------+-------+-------+-------+-------+
; in1[0]     ; out1[0]     ; 5.756 ; 5.756 ; 5.756 ; 5.756 ;
; in1[0]     ; out1[1]     ; 4.913 ; 4.913 ; 4.913 ; 4.913 ;
; in1[0]     ; out1[2]     ; 5.018 ; 5.018 ; 5.018 ; 5.018 ;
; in1[0]     ; out1[3]     ; 5.157 ; 5.157 ; 5.157 ; 5.157 ;
; in1[0]     ; out1[4]     ; 4.890 ; 4.890 ; 4.890 ; 4.890 ;
; in1[0]     ; out1[5]     ; 6.614 ; 6.614 ; 6.614 ; 6.614 ;
; in1[0]     ; out1[6]     ; 5.109 ; 5.109 ; 5.109 ; 5.109 ;
; in1[0]     ; out1[7]     ; 5.171 ; 5.171 ; 5.171 ; 5.171 ;
; in1[0]     ; out1[8]     ; 5.090 ; 5.090 ; 5.090 ; 5.090 ;
; in1[0]     ; out1[9]     ; 5.279 ; 5.279 ; 5.279 ; 5.279 ;
; in1[0]     ; out1[10]    ; 5.355 ; 5.355 ; 5.355 ; 5.355 ;
; in1[0]     ; out1[11]    ; 5.345 ; 5.345 ; 5.345 ; 5.345 ;
; in1[0]     ; out1[12]    ; 5.385 ; 5.385 ; 5.385 ; 5.385 ;
; in1[0]     ; out1[13]    ; 5.457 ; 5.457 ; 5.457 ; 5.457 ;
; in1[0]     ; out1[14]    ; 5.426 ; 5.426 ; 5.426 ; 5.426 ;
; in1[0]     ; out1[15]    ; 5.517 ; 5.517 ; 5.517 ; 5.517 ;
; in1[1]     ; out1[1]     ; 5.284 ; 5.284 ; 5.284 ; 5.284 ;
; in1[1]     ; out1[2]     ; 5.494 ; 5.494 ; 5.494 ; 5.494 ;
; in1[1]     ; out1[3]     ; 5.633 ; 5.633 ; 5.633 ; 5.633 ;
; in1[1]     ; out1[4]     ; 5.366 ; 5.366 ; 5.366 ; 5.366 ;
; in1[1]     ; out1[5]     ; 7.090 ; 7.090 ; 7.090 ; 7.090 ;
; in1[1]     ; out1[6]     ; 5.585 ; 5.585 ; 5.585 ; 5.585 ;
; in1[1]     ; out1[7]     ; 5.647 ; 5.647 ; 5.647 ; 5.647 ;
; in1[1]     ; out1[8]     ; 5.566 ; 5.566 ; 5.566 ; 5.566 ;
; in1[1]     ; out1[9]     ; 5.755 ; 5.755 ; 5.755 ; 5.755 ;
; in1[1]     ; out1[10]    ; 5.831 ; 5.831 ; 5.831 ; 5.831 ;
; in1[1]     ; out1[11]    ; 5.821 ; 5.821 ; 5.821 ; 5.821 ;
; in1[1]     ; out1[12]    ; 5.861 ; 5.861 ; 5.861 ; 5.861 ;
; in1[1]     ; out1[13]    ; 5.933 ; 5.933 ; 5.933 ; 5.933 ;
; in1[1]     ; out1[14]    ; 5.902 ; 5.902 ; 5.902 ; 5.902 ;
; in1[1]     ; out1[15]    ; 5.993 ; 5.993 ; 5.993 ; 5.993 ;
; in1[2]     ; out1[2]     ; 5.568 ; 5.568 ; 5.568 ; 5.568 ;
; in1[2]     ; out1[3]     ; 5.810 ; 5.810 ; 5.810 ; 5.810 ;
; in1[2]     ; out1[4]     ; 5.543 ; 5.543 ; 5.543 ; 5.543 ;
; in1[2]     ; out1[5]     ; 7.267 ; 7.267 ; 7.267 ; 7.267 ;
; in1[2]     ; out1[6]     ; 5.762 ; 5.762 ; 5.762 ; 5.762 ;
; in1[2]     ; out1[7]     ; 5.824 ; 5.824 ; 5.824 ; 5.824 ;
; in1[2]     ; out1[8]     ; 5.743 ; 5.743 ; 5.743 ; 5.743 ;
; in1[2]     ; out1[9]     ; 5.932 ; 5.932 ; 5.932 ; 5.932 ;
; in1[2]     ; out1[10]    ; 6.008 ; 6.008 ; 6.008 ; 6.008 ;
; in1[2]     ; out1[11]    ; 5.998 ; 5.998 ; 5.998 ; 5.998 ;
; in1[2]     ; out1[12]    ; 6.038 ; 6.038 ; 6.038 ; 6.038 ;
; in1[2]     ; out1[13]    ; 6.110 ; 6.110 ; 6.110 ; 6.110 ;
; in1[2]     ; out1[14]    ; 6.079 ; 6.079 ; 6.079 ; 6.079 ;
; in1[2]     ; out1[15]    ; 6.170 ; 6.170 ; 6.170 ; 6.170 ;
; in1[3]     ; out1[3]     ; 6.175 ; 6.175 ; 6.175 ; 6.175 ;
; in1[3]     ; out1[4]     ; 6.013 ; 6.013 ; 6.013 ; 6.013 ;
; in1[3]     ; out1[5]     ; 7.737 ; 7.737 ; 7.737 ; 7.737 ;
; in1[3]     ; out1[6]     ; 6.232 ; 6.232 ; 6.232 ; 6.232 ;
; in1[3]     ; out1[7]     ; 6.294 ; 6.294 ; 6.294 ; 6.294 ;
; in1[3]     ; out1[8]     ; 6.213 ; 6.213 ; 6.213 ; 6.213 ;
; in1[3]     ; out1[9]     ; 6.402 ; 6.402 ; 6.402 ; 6.402 ;
; in1[3]     ; out1[10]    ; 6.478 ; 6.478 ; 6.478 ; 6.478 ;
; in1[3]     ; out1[11]    ; 6.468 ; 6.468 ; 6.468 ; 6.468 ;
; in1[3]     ; out1[12]    ; 6.508 ; 6.508 ; 6.508 ; 6.508 ;
; in1[3]     ; out1[13]    ; 6.580 ; 6.580 ; 6.580 ; 6.580 ;
; in1[3]     ; out1[14]    ; 6.549 ; 6.549 ; 6.549 ; 6.549 ;
; in1[3]     ; out1[15]    ; 6.640 ; 6.640 ; 6.640 ; 6.640 ;
; in1[4]     ; out1[4]     ; 5.938 ; 5.938 ; 5.938 ; 5.938 ;
; in1[4]     ; out1[5]     ; 7.765 ; 7.765 ; 7.765 ; 7.765 ;
; in1[4]     ; out1[6]     ; 6.260 ; 6.260 ; 6.260 ; 6.260 ;
; in1[4]     ; out1[7]     ; 6.322 ; 6.322 ; 6.322 ; 6.322 ;
; in1[4]     ; out1[8]     ; 6.241 ; 6.241 ; 6.241 ; 6.241 ;
; in1[4]     ; out1[9]     ; 6.430 ; 6.430 ; 6.430 ; 6.430 ;
; in1[4]     ; out1[10]    ; 6.506 ; 6.506 ; 6.506 ; 6.506 ;
; in1[4]     ; out1[11]    ; 6.496 ; 6.496 ; 6.496 ; 6.496 ;
; in1[4]     ; out1[12]    ; 6.536 ; 6.536 ; 6.536 ; 6.536 ;
; in1[4]     ; out1[13]    ; 6.608 ; 6.608 ; 6.608 ; 6.608 ;
; in1[4]     ; out1[14]    ; 6.577 ; 6.577 ; 6.577 ; 6.577 ;
; in1[4]     ; out1[15]    ; 6.668 ; 6.668 ; 6.668 ; 6.668 ;
; in1[5]     ; out1[5]     ; 6.996 ; 6.996 ; 6.996 ; 6.996 ;
; in1[5]     ; out1[6]     ; 5.594 ; 5.594 ; 5.594 ; 5.594 ;
; in1[5]     ; out1[7]     ; 5.656 ; 5.656 ; 5.656 ; 5.656 ;
; in1[5]     ; out1[8]     ; 5.575 ; 5.575 ; 5.575 ; 5.575 ;
; in1[5]     ; out1[9]     ; 5.764 ; 5.764 ; 5.764 ; 5.764 ;
; in1[5]     ; out1[10]    ; 5.840 ; 5.840 ; 5.840 ; 5.840 ;
; in1[5]     ; out1[11]    ; 5.830 ; 5.830 ; 5.830 ; 5.830 ;
; in1[5]     ; out1[12]    ; 5.870 ; 5.870 ; 5.870 ; 5.870 ;
; in1[5]     ; out1[13]    ; 5.942 ; 5.942 ; 5.942 ; 5.942 ;
; in1[5]     ; out1[14]    ; 5.911 ; 5.911 ; 5.911 ; 5.911 ;
; in1[5]     ; out1[15]    ; 6.002 ; 6.002 ; 6.002 ; 6.002 ;
; in1[6]     ; out1[6]     ; 5.470 ; 5.470 ; 5.470 ; 5.470 ;
; in1[6]     ; out1[7]     ; 5.635 ; 5.635 ; 5.635 ; 5.635 ;
; in1[6]     ; out1[8]     ; 5.554 ; 5.554 ; 5.554 ; 5.554 ;
; in1[6]     ; out1[9]     ; 5.743 ; 5.743 ; 5.743 ; 5.743 ;
; in1[6]     ; out1[10]    ; 5.819 ; 5.819 ; 5.819 ; 5.819 ;
; in1[6]     ; out1[11]    ; 5.809 ; 5.809 ; 5.809 ; 5.809 ;
; in1[6]     ; out1[12]    ; 5.849 ; 5.849 ; 5.849 ; 5.849 ;
; in1[6]     ; out1[13]    ; 5.921 ; 5.921 ; 5.921 ; 5.921 ;
; in1[6]     ; out1[14]    ; 5.890 ; 5.890 ; 5.890 ; 5.890 ;
; in1[6]     ; out1[15]    ; 5.981 ; 5.981 ; 5.981 ; 5.981 ;
; in1[7]     ; out1[7]     ; 5.498 ; 5.498 ; 5.498 ; 5.498 ;
; in1[7]     ; out1[8]     ; 5.517 ; 5.517 ; 5.517 ; 5.517 ;
; in1[7]     ; out1[9]     ; 5.706 ; 5.706 ; 5.706 ; 5.706 ;
; in1[7]     ; out1[10]    ; 5.782 ; 5.782 ; 5.782 ; 5.782 ;
; in1[7]     ; out1[11]    ; 5.772 ; 5.772 ; 5.772 ; 5.772 ;
; in1[7]     ; out1[12]    ; 5.812 ; 5.812 ; 5.812 ; 5.812 ;
; in1[7]     ; out1[13]    ; 5.884 ; 5.884 ; 5.884 ; 5.884 ;
; in1[7]     ; out1[14]    ; 5.853 ; 5.853 ; 5.853 ; 5.853 ;
; in1[7]     ; out1[15]    ; 5.944 ; 5.944 ; 5.944 ; 5.944 ;
; in1[8]     ; out1[8]     ; 5.309 ; 5.309 ; 5.309 ; 5.309 ;
; in1[8]     ; out1[9]     ; 5.601 ; 5.601 ; 5.601 ; 5.601 ;
; in1[8]     ; out1[10]    ; 5.677 ; 5.677 ; 5.677 ; 5.677 ;
; in1[8]     ; out1[11]    ; 5.667 ; 5.667 ; 5.667 ; 5.667 ;
; in1[8]     ; out1[12]    ; 5.707 ; 5.707 ; 5.707 ; 5.707 ;
; in1[8]     ; out1[13]    ; 5.779 ; 5.779 ; 5.779 ; 5.779 ;
; in1[8]     ; out1[14]    ; 5.748 ; 5.748 ; 5.748 ; 5.748 ;
; in1[8]     ; out1[15]    ; 5.839 ; 5.839 ; 5.839 ; 5.839 ;
; in1[9]     ; out1[9]     ; 5.453 ; 5.453 ; 5.453 ; 5.453 ;
; in1[9]     ; out1[10]    ; 5.632 ; 5.632 ; 5.632 ; 5.632 ;
; in1[9]     ; out1[11]    ; 5.622 ; 5.622 ; 5.622 ; 5.622 ;
; in1[9]     ; out1[12]    ; 5.662 ; 5.662 ; 5.662 ; 5.662 ;
; in1[9]     ; out1[13]    ; 5.734 ; 5.734 ; 5.734 ; 5.734 ;
; in1[9]     ; out1[14]    ; 5.703 ; 5.703 ; 5.703 ; 5.703 ;
; in1[9]     ; out1[15]    ; 5.794 ; 5.794 ; 5.794 ; 5.794 ;
; in1[10]    ; out1[10]    ; 5.517 ; 5.517 ; 5.517 ; 5.517 ;
; in1[10]    ; out1[11]    ; 5.610 ; 5.610 ; 5.610 ; 5.610 ;
; in1[10]    ; out1[12]    ; 5.650 ; 5.650 ; 5.650 ; 5.650 ;
; in1[10]    ; out1[13]    ; 5.722 ; 5.722 ; 5.722 ; 5.722 ;
; in1[10]    ; out1[14]    ; 5.691 ; 5.691 ; 5.691 ; 5.691 ;
; in1[10]    ; out1[15]    ; 5.782 ; 5.782 ; 5.782 ; 5.782 ;
; in1[11]    ; out1[11]    ; 5.414 ; 5.414 ; 5.414 ; 5.414 ;
; in1[11]    ; out1[12]    ; 5.557 ; 5.557 ; 5.557 ; 5.557 ;
; in1[11]    ; out1[13]    ; 5.629 ; 5.629 ; 5.629 ; 5.629 ;
; in1[11]    ; out1[14]    ; 5.598 ; 5.598 ; 5.598 ; 5.598 ;
; in1[11]    ; out1[15]    ; 5.689 ; 5.689 ; 5.689 ; 5.689 ;
; in1[12]    ; out1[12]    ; 5.439 ; 5.439 ; 5.439 ; 5.439 ;
; in1[12]    ; out1[13]    ; 5.616 ; 5.616 ; 5.616 ; 5.616 ;
; in1[12]    ; out1[14]    ; 5.585 ; 5.585 ; 5.585 ; 5.585 ;
; in1[12]    ; out1[15]    ; 5.676 ; 5.676 ; 5.676 ; 5.676 ;
; in1[13]    ; out1[13]    ; 5.353 ; 5.353 ; 5.353 ; 5.353 ;
; in1[13]    ; out1[14]    ; 5.427 ; 5.427 ; 5.427 ; 5.427 ;
; in1[13]    ; out1[15]    ; 5.518 ; 5.518 ; 5.518 ; 5.518 ;
; in1[14]    ; out1[14]    ; 5.485 ; 5.485 ; 5.485 ; 5.485 ;
; in1[14]    ; out1[15]    ; 5.681 ; 5.681 ; 5.681 ; 5.681 ;
; in1[15]    ; out1[15]    ; 5.613 ; 5.613 ; 5.613 ; 5.613 ;
; op[0]      ; out1[0]     ; 8.029 ; 8.029 ; 8.029 ; 8.029 ;
; op[0]      ; out1[1]     ; 7.186 ; 7.186 ; 7.186 ; 7.186 ;
; op[0]      ; out1[2]     ; 7.291 ; 7.291 ; 7.291 ; 7.291 ;
; op[0]      ; out1[3]     ; 7.430 ; 7.430 ; 7.430 ; 7.430 ;
; op[0]      ; out1[4]     ; 7.163 ; 7.163 ; 7.163 ; 7.163 ;
; op[0]      ; out1[5]     ; 8.887 ; 8.887 ; 8.887 ; 8.887 ;
; op[0]      ; out1[6]     ; 7.382 ; 7.382 ; 7.382 ; 7.382 ;
; op[0]      ; out1[7]     ; 7.444 ; 7.444 ; 7.444 ; 7.444 ;
; op[0]      ; out1[8]     ; 7.363 ; 7.363 ; 7.363 ; 7.363 ;
; op[0]      ; out1[9]     ; 7.552 ; 7.552 ; 7.552 ; 7.552 ;
; op[0]      ; out1[10]    ; 7.628 ; 7.628 ; 7.628 ; 7.628 ;
; op[0]      ; out1[11]    ; 7.618 ; 7.618 ; 7.618 ; 7.618 ;
; op[0]      ; out1[12]    ; 7.658 ; 7.658 ; 7.658 ; 7.658 ;
; op[0]      ; out1[13]    ; 7.730 ; 7.730 ; 7.730 ; 7.730 ;
; op[0]      ; out1[14]    ; 7.699 ; 7.699 ; 7.699 ; 7.699 ;
; op[0]      ; out1[15]    ; 7.790 ; 7.790 ; 7.790 ; 7.790 ;
; op[1]      ; out1[0]     ; 8.078 ; 8.078 ; 8.078 ; 8.078 ;
; op[1]      ; out1[1]     ; 7.235 ; 7.235 ; 7.235 ; 7.235 ;
; op[1]      ; out1[2]     ; 7.340 ; 7.340 ; 7.340 ; 7.340 ;
; op[1]      ; out1[3]     ; 7.479 ; 7.479 ; 7.479 ; 7.479 ;
; op[1]      ; out1[4]     ; 7.212 ; 7.212 ; 7.212 ; 7.212 ;
; op[1]      ; out1[5]     ; 8.936 ; 8.936 ; 8.936 ; 8.936 ;
; op[1]      ; out1[6]     ; 7.431 ; 7.431 ; 7.431 ; 7.431 ;
; op[1]      ; out1[7]     ; 7.493 ; 7.493 ; 7.493 ; 7.493 ;
; op[1]      ; out1[8]     ; 7.412 ; 7.412 ; 7.412 ; 7.412 ;
; op[1]      ; out1[9]     ; 7.601 ; 7.601 ; 7.601 ; 7.601 ;
; op[1]      ; out1[10]    ; 7.677 ; 7.677 ; 7.677 ; 7.677 ;
; op[1]      ; out1[11]    ; 7.667 ; 7.667 ; 7.667 ; 7.667 ;
; op[1]      ; out1[12]    ; 7.707 ; 7.707 ; 7.707 ; 7.707 ;
; op[1]      ; out1[13]    ; 7.779 ; 7.779 ; 7.779 ; 7.779 ;
; op[1]      ; out1[14]    ; 7.748 ; 7.748 ; 7.748 ; 7.748 ;
; op[1]      ; out1[15]    ; 7.839 ; 7.839 ; 7.839 ; 7.839 ;
; op[2]      ; out1[0]     ; 5.615 ; 5.615 ; 5.615 ; 5.615 ;
; op[2]      ; out1[1]     ; 4.772 ; 4.772 ; 4.772 ; 4.772 ;
; op[2]      ; out1[2]     ; 4.877 ; 4.877 ; 4.877 ; 4.877 ;
; op[2]      ; out1[3]     ; 5.016 ; 5.016 ; 5.016 ; 5.016 ;
; op[2]      ; out1[4]     ; 4.749 ; 4.749 ; 4.749 ; 4.749 ;
; op[2]      ; out1[5]     ; 6.473 ; 6.473 ; 6.473 ; 6.473 ;
; op[2]      ; out1[6]     ; 4.968 ; 4.968 ; 4.968 ; 4.968 ;
; op[2]      ; out1[7]     ; 5.030 ; 5.030 ; 5.030 ; 5.030 ;
; op[2]      ; out1[8]     ; 4.949 ; 4.949 ; 4.949 ; 4.949 ;
; op[2]      ; out1[9]     ; 5.138 ; 5.138 ; 5.138 ; 5.138 ;
; op[2]      ; out1[10]    ; 5.214 ; 5.214 ; 5.214 ; 5.214 ;
; op[2]      ; out1[11]    ; 5.204 ; 5.204 ; 5.204 ; 5.204 ;
; op[2]      ; out1[12]    ; 5.244 ; 5.244 ; 5.244 ; 5.244 ;
; op[2]      ; out1[13]    ; 5.316 ; 5.316 ; 5.316 ; 5.316 ;
; op[2]      ; out1[14]    ; 5.285 ; 5.285 ; 5.285 ; 5.285 ;
; op[2]      ; out1[15]    ; 5.376 ; 5.376 ; 5.376 ; 5.376 ;
+------------+-------------+-------+-------+-------+-------+


-------------------
; Clock Transfers ;
-------------------
Nothing to report.


---------------
; Report TCCS ;
---------------
No dedicated SERDES Transmitter circuitry present in device or used in design


---------------
; Report RSKM ;
---------------
No dedicated SERDES Receiver circuitry present in device or used in design


+------------------------------------------------+
; Unconstrained Paths                            ;
+---------------------------------+-------+------+
; Property                        ; Setup ; Hold ;
+---------------------------------+-------+------+
; Illegal Clocks                  ; 0     ; 0    ;
; Unconstrained Clocks            ; 0     ; 0    ;
; Unconstrained Input Ports       ; 19    ; 19   ;
; Unconstrained Input Port Paths  ; 184   ; 184  ;
; Unconstrained Output Ports      ; 16    ; 16   ;
; Unconstrained Output Port Paths ; 184   ; 184  ;
+---------------------------------+-------+------+


+------------------------------------+
; TimeQuest Timing Analyzer Messages ;
+------------------------------------+
Info: *******************************************************************
Info: Running Quartus II 64-Bit TimeQuest Timing Analyzer
    Info: Version 13.0.1 Build 232 06/12/2013 Service Pack 1 SJ Web Edition
    Info: Processing started: Fri Apr 23 20:33:29 2021
Info: Command: quartus_sta TwosComplement -c TwosComplement
Info: qsta_default_script.tcl version: #1
Warning (20028): Parallel compilation is not licensed and has been disabled
Info (21077): Low junction temperature is 0 degrees C
Info (21077): High junction temperature is 85 degrees C
Critical Warning (332012): Synopsys Design Constraints File file not found: 'TwosComplement.sdc'. A Synopsys Design Constraints File is required by the TimeQuest Timing Analyzer to get proper timing constraints. Without it, the Compiler will not properly optimize the design.
Info (332142): No user constrained base clocks found in the design. Calling "derive_clocks -period 1.0"
Info (332096): The command derive_clocks did not find any clocks to derive.  No clocks were created or changed.
Warning (332068): No clocks defined in design.
Info: Found TIMEQUEST_REPORT_SCRIPT_INCLUDE_DEFAULT_ANALYSIS = ON
Info (332159): No clocks to report
Info: Analyzing Slow Model
Info (332140): No fmax paths to report
Info (332140): No Setup paths to report
Info (332140): No Hold paths to report
Info (332140): No Recovery paths to report
Info (332140): No Removal paths to report
Info (332140): No Minimum Pulse Width paths to report
Info (332001): The selected device family is not supported by the report_metastability command.
Info: Analyzing Fast Model
Info (332142): No user constrained base clocks found in the design. Calling "derive_clocks -period 1.0"
Info (332096): The command derive_clocks did not find any clocks to derive.  No clocks were created or changed.
Warning (332068): No clocks defined in design.
Info (332140): No Setup paths to report
Info (332140): No Hold paths to report
Info (332140): No Recovery paths to report
Info (332140): No Removal paths to report
Info (332140): No Minimum Pulse Width paths to report
Info (332001): The selected device family is not supported by the report_metastability command.
Info (332102): Design is not fully constrained for setup requirements
Info (332102): Design is not fully constrained for hold requirements
Info: Quartus II 64-Bit TimeQuest Timing Analyzer was successful. 0 errors, 4 warnings
    Info: Peak virtual memory: 4537 megabytes
    Info: Processing ended: Fri Apr 23 20:33:30 2021
    Info: Elapsed time: 00:00:01
    Info: Total CPU time (on all processors): 00:00:01


